/home/charansc/ros2_ws2/src/install/a_learn/lib/python3.10/site-packages/a_learn/service_test_add.py
/home/charansc/ros2_ws2/src/install/a_learn/lib/python3.10/site-packages/a_learn/my_first_node.py
/home/charansc/ros2_ws2/src/install/a_learn/lib/python3.10/site-packages/a_learn/turtlesim_teleop.py
/home/charansc/ros2_ws2/src/install/a_learn/lib/python3.10/site-packages/a_learn/add_service_client.py
/home/charansc/ros2_ws2/src/install/a_learn/lib/python3.10/site-packages/a_learn/my_first_sub.py
/home/charansc/ros2_ws2/src/install/a_learn/lib/python3.10/site-packages/a_learn/para_node.py
/home/charansc/ros2_ws2/src/install/a_learn/lib/python3.10/site-packages/a_learn/__init__.py
/home/charansc/ros2_ws2/src/install/a_learn/lib/python3.10/site-packages/a_learn/__pycache__/service_test_add.cpython-310.pyc
/home/charansc/ros2_ws2/src/install/a_learn/lib/python3.10/site-packages/a_learn/__pycache__/my_first_node.cpython-310.pyc
/home/charansc/ros2_ws2/src/install/a_learn/lib/python3.10/site-packages/a_learn/__pycache__/turtlesim_teleop.cpython-310.pyc
/home/charansc/ros2_ws2/src/install/a_learn/lib/python3.10/site-packages/a_learn/__pycache__/add_service_client.cpython-310.pyc
/home/charansc/ros2_ws2/src/install/a_learn/lib/python3.10/site-packages/a_learn/__pycache__/my_first_sub.cpython-310.pyc
/home/charansc/ros2_ws2/src/install/a_learn/lib/python3.10/site-packages/a_learn/__pycache__/para_node.cpython-310.pyc
/home/charansc/ros2_ws2/src/install/a_learn/lib/python3.10/site-packages/a_learn/__pycache__/__init__.cpython-310.pyc
/home/charansc/ros2_ws2/src/install/a_learn/share/ament_index/resource_index/packages/a_learn
/home/charansc/ros2_ws2/src/install/a_learn/share/a_learn/package.xml
/home/charansc/ros2_ws2/src/install/a_learn/lib/python3.10/site-packages/a_learn-0.0.0-py3.10.egg-info/zip-safe
/home/charansc/ros2_ws2/src/install/a_learn/lib/python3.10/site-packages/a_learn-0.0.0-py3.10.egg-info/top_level.txt
/home/charansc/ros2_ws2/src/install/a_learn/lib/python3.10/site-packages/a_learn-0.0.0-py3.10.egg-info/entry_points.txt
/home/charansc/ros2_ws2/src/install/a_learn/lib/python3.10/site-packages/a_learn-0.0.0-py3.10.egg-info/SOURCES.txt
/home/charansc/ros2_ws2/src/install/a_learn/lib/python3.10/site-packages/a_learn-0.0.0-py3.10.egg-info/requires.txt
/home/charansc/ros2_ws2/src/install/a_learn/lib/python3.10/site-packages/a_learn-0.0.0-py3.10.egg-info/PKG-INFO
/home/charansc/ros2_ws2/src/install/a_learn/lib/python3.10/site-packages/a_learn-0.0.0-py3.10.egg-info/dependency_links.txt
/home/charansc/ros2_ws2/src/install/a_learn/lib/a_learn/para_test
/home/charansc/ros2_ws2/src/install/a_learn/lib/a_learn/pub_node
/home/charansc/ros2_ws2/src/install/a_learn/lib/a_learn/service_add
/home/charansc/ros2_ws2/src/install/a_learn/lib/a_learn/service_client
/home/charansc/ros2_ws2/src/install/a_learn/lib/a_learn/sub_node
/home/charansc/ros2_ws2/src/install/a_learn/lib/a_learn/turtlesim_teleop
