[0.439s] Invoking command in '/home/charansc/ros2_ws2/src/a_learn': PYTHONPATH=/home/charansc/ros2_ws2/build/a_learn/prefix_override:/usr/lib/python3/dist-packages/colcon_core/task/python/colcon_distutils_commands:/home/charansc/ros2_ws2/install/a_learn/lib/python3.10/site-packages:${PYTHONPATH} /usr/bin/python3 -W ignore:setup.py install is deprecated -W ignore:easy_install command is deprecated setup.py egg_info --egg-base ../../build/a_learn build --build-base /home/charansc/ros2_ws2/build/a_learn/build install --record /home/charansc/ros2_ws2/build/a_learn/install.log --single-version-externally-managed install_data
[0.596s] running egg_info
[0.597s] writing ../../build/a_learn/a_learn.egg-info/PKG-INFO
[0.597s] writing dependency_links to ../../build/a_learn/a_learn.egg-info/dependency_links.txt
[0.598s] writing entry points to ../../build/a_learn/a_learn.egg-info/entry_points.txt
[0.598s] writing requirements to ../../build/a_learn/a_learn.egg-info/requires.txt
[0.598s] writing top-level names to ../../build/a_learn/a_learn.egg-info/top_level.txt
[0.598s] reading manifest file '../../build/a_learn/a_learn.egg-info/SOURCES.txt'
[0.599s] writing manifest file '../../build/a_learn/a_learn.egg-info/SOURCES.txt'
[0.599s] running build
[0.599s] running build_py
[0.599s] running install
[0.599s] running install_lib
[0.600s] running install_data
[0.600s] running install_egg_info
[0.601s] removing '/home/charansc/ros2_ws2/install/a_learn/lib/python3.10/site-packages/a_learn-0.0.0-py3.10.egg-info' (and everything under it)
[0.601s] Copying ../../build/a_learn/a_learn.egg-info to /home/charansc/ros2_ws2/install/a_learn/lib/python3.10/site-packages/a_learn-0.0.0-py3.10.egg-info
[0.602s] running install_scripts
[0.615s] Installing para_test script to /home/charansc/ros2_ws2/install/a_learn/lib/a_learn
[0.615s] Installing pub_node script to /home/charansc/ros2_ws2/install/a_learn/lib/a_learn
[0.616s] Installing service_add script to /home/charansc/ros2_ws2/install/a_learn/lib/a_learn
[0.616s] Installing service_client script to /home/charansc/ros2_ws2/install/a_learn/lib/a_learn
[0.616s] Installing sub_node script to /home/charansc/ros2_ws2/install/a_learn/lib/a_learn
[0.616s] Installing turtlesim_teleop script to /home/charansc/ros2_ws2/install/a_learn/lib/a_learn
[0.616s] writing list of installed files to '/home/charansc/ros2_ws2/build/a_learn/install.log'
[0.635s] Invoked command in '/home/charansc/ros2_ws2/src/a_learn' returned '0': PYTHONPATH=/home/charansc/ros2_ws2/build/a_learn/prefix_override:/usr/lib/python3/dist-packages/colcon_core/task/python/colcon_distutils_commands:/home/charansc/ros2_ws2/install/a_learn/lib/python3.10/site-packages:${PYTHONPATH} /usr/bin/python3 -W ignore:setup.py install is deprecated -W ignore:easy_install command is deprecated setup.py egg_info --egg-base ../../build/a_learn build --build-base /home/charansc/ros2_ws2/build/a_learn/build install --record /home/charansc/ros2_ws2/build/a_learn/install.log --single-version-externally-managed install_data
