[0.540s] Invoking command in '/home/charansc/ros2_ws2/src/build/robot_description': CMAKE_PREFIX_PATH=${CMAKE_PREFIX_PATH}:/home/charansc/ros2_ws2/install/robot:/home/charansc/ros2_ws2/install/a_learn:/home/charansc/cognipilot/cranium/install/b3rb_ros_aim_india:/home/charansc/cognipilot/cranium/src/NXP_AIM_INDIA_2025/install/b3rb_ros_aim_india:/home/charansc/install/b3rb_ros_aim_india:/opt/ros/humble /usr/bin/cmake /home/charansc/ros2_ws2/src/robot_description -DCMAKE_INSTALL_PREFIX=/home/charansc/ros2_ws2/src/install/robot_description
[0.591s] -- The C compiler identification is GNU 11.4.0
[0.636s] -- The CXX compiler identification is GNU 11.4.0
[0.642s] -- Detecting C compiler ABI info
[0.700s] -- Detecting C compiler ABI info - done
[0.709s] -- Check for working C compiler: /usr/bin/cc - skipped
[0.709s] -- Detecting C compile features
[0.710s] -- Detecting C compile features - done
[0.713s] -- Detecting CXX compiler ABI info
[0.790s] -- Detecting CXX compiler ABI info - done
[0.797s] -- Check for working CXX compiler: /usr/bin/c++ - skipped
[0.797s] -- Detecting CXX compile features
[0.797s] -- Detecting CXX compile features - done
[0.801s] -- Found ament_cmake: 1.3.11 (/opt/ros/humble/share/ament_cmake/cmake)
[0.967s] -- Found Python3: /usr/bin/python3 (found version "3.10.12") found components: Interpreter 
[1.088s] -- Found ament_lint_auto: 0.12.12 (/opt/ros/humble/share/ament_lint_auto/cmake)
[1.160s] -- Added test 'flake8' to check Python code syntax and style conventions
[1.160s] -- Added test 'lint_cmake' to check CMake code style
[1.161s] -- Added test 'pep257' to check Python code against some of the docstring style conventions in PEP 257
[1.161s] -- Added test 'xmllint' to check XML markup files
[1.162s] -- Configuring done
[1.164s] -- Generating done
[1.165s] -- Build files have been written to: /home/charansc/ros2_ws2/src/build/robot_description
[1.168s] Invoked command in '/home/charansc/ros2_ws2/src/build/robot_description' returned '0': CMAKE_PREFIX_PATH=${CMAKE_PREFIX_PATH}:/home/charansc/ros2_ws2/install/robot:/home/charansc/ros2_ws2/install/a_learn:/home/charansc/cognipilot/cranium/install/b3rb_ros_aim_india:/home/charansc/cognipilot/cranium/src/NXP_AIM_INDIA_2025/install/b3rb_ros_aim_india:/home/charansc/install/b3rb_ros_aim_india:/opt/ros/humble /usr/bin/cmake /home/charansc/ros2_ws2/src/robot_description -DCMAKE_INSTALL_PREFIX=/home/charansc/ros2_ws2/src/install/robot_description
[1.169s] Invoking command in '/home/charansc/ros2_ws2/src/build/robot_description': CMAKE_PREFIX_PATH=${CMAKE_PREFIX_PATH}:/home/charansc/ros2_ws2/install/robot:/home/charansc/ros2_ws2/install/a_learn:/home/charansc/cognipilot/cranium/install/b3rb_ros_aim_india:/home/charansc/cognipilot/cranium/src/NXP_AIM_INDIA_2025/install/b3rb_ros_aim_india:/home/charansc/install/b3rb_ros_aim_india:/opt/ros/humble /usr/bin/cmake --build /home/charansc/ros2_ws2/src/build/robot_description -- -j16 -l16
[1.210s] Invoked command in '/home/charansc/ros2_ws2/src/build/robot_description' returned '0': CMAKE_PREFIX_PATH=${CMAKE_PREFIX_PATH}:/home/charansc/ros2_ws2/install/robot:/home/charansc/ros2_ws2/install/a_learn:/home/charansc/cognipilot/cranium/install/b3rb_ros_aim_india:/home/charansc/cognipilot/cranium/src/NXP_AIM_INDIA_2025/install/b3rb_ros_aim_india:/home/charansc/install/b3rb_ros_aim_india:/opt/ros/humble /usr/bin/cmake --build /home/charansc/ros2_ws2/src/build/robot_description -- -j16 -l16
[1.212s] Invoking command in '/home/charansc/ros2_ws2/src/build/robot_description': CMAKE_PREFIX_PATH=${CMAKE_PREFIX_PATH}:/home/charansc/ros2_ws2/install/robot:/home/charansc/ros2_ws2/install/a_learn:/home/charansc/cognipilot/cranium/install/b3rb_ros_aim_india:/home/charansc/cognipilot/cranium/src/NXP_AIM_INDIA_2025/install/b3rb_ros_aim_india:/home/charansc/install/b3rb_ros_aim_india:/opt/ros/humble /usr/bin/cmake --install /home/charansc/ros2_ws2/src/build/robot_description
[1.220s] -- Install configuration: ""
[1.220s] -- Installing: /home/charansc/ros2_ws2/src/install/robot_description/share/robot_description/urdf
[1.220s] -- Installing: /home/charansc/ros2_ws2/src/install/robot_description/share/robot_description/urdf/gazebo_world.xacro
[1.220s] -- Installing: /home/charansc/ros2_ws2/src/install/robot_description/share/robot_description/urdf/diff_robot.xacro
[1.221s] -- Installing: /home/charansc/ros2_ws2/src/install/robot_description/share/robot_description/launch
[1.221s] -- Installing: /home/charansc/ros2_ws2/src/install/robot_description/share/robot_description/launch/display.launch.py
[1.221s] -- Installing: /home/charansc/ros2_ws2/src/install/robot_description/share/robot_description/config
[1.221s] -- Installing: /home/charansc/ros2_ws2/src/install/robot_description/share/robot_description/config/rviz_model.rviz
[1.222s] -- Installing: /home/charansc/ros2_ws2/src/install/robot_description/share/ament_index/resource_index/package_run_dependencies/robot_description
[1.222s] -- Installing: /home/charansc/ros2_ws2/src/install/robot_description/share/ament_index/resource_index/parent_prefix_path/robot_description
[1.222s] -- Installing: /home/charansc/ros2_ws2/src/install/robot_description/share/robot_description/environment/ament_prefix_path.sh
[1.222s] -- Installing: /home/charansc/ros2_ws2/src/install/robot_description/share/robot_description/environment/ament_prefix_path.dsv
[1.222s] -- Installing: /home/charansc/ros2_ws2/src/install/robot_description/share/robot_description/environment/path.sh
[1.222s] -- Installing: /home/charansc/ros2_ws2/src/install/robot_description/share/robot_description/environment/path.dsv
[1.223s] -- Installing: /home/charansc/ros2_ws2/src/install/robot_description/share/robot_description/local_setup.bash
[1.223s] -- Installing: /home/charansc/ros2_ws2/src/install/robot_description/share/robot_description/local_setup.sh
[1.223s] -- Installing: /home/charansc/ros2_ws2/src/install/robot_description/share/robot_description/local_setup.zsh
[1.223s] -- Installing: /home/charansc/ros2_ws2/src/install/robot_description/share/robot_description/local_setup.dsv
[1.223s] -- Installing: /home/charansc/ros2_ws2/src/install/robot_description/share/robot_description/package.dsv
[1.223s] -- Installing: /home/charansc/ros2_ws2/src/install/robot_description/share/ament_index/resource_index/packages/robot_description
[1.223s] -- Installing: /home/charansc/ros2_ws2/src/install/robot_description/share/robot_description/cmake/robot_descriptionConfig.cmake
[1.223s] -- Installing: /home/charansc/ros2_ws2/src/install/robot_description/share/robot_description/cmake/robot_descriptionConfig-version.cmake
[1.223s] -- Installing: /home/charansc/ros2_ws2/src/install/robot_description/share/robot_description/package.xml
[1.225s] Invoked command in '/home/charansc/ros2_ws2/src/build/robot_description' returned '0': CMAKE_PREFIX_PATH=${CMAKE_PREFIX_PATH}:/home/charansc/ros2_ws2/install/robot:/home/charansc/ros2_ws2/install/a_learn:/home/charansc/cognipilot/cranium/install/b3rb_ros_aim_india:/home/charansc/cognipilot/cranium/src/NXP_AIM_INDIA_2025/install/b3rb_ros_aim_india:/home/charansc/install/b3rb_ros_aim_india:/opt/ros/humble /usr/bin/cmake --install /home/charansc/ros2_ws2/src/build/robot_description
