running egg_info
creating ../build/robot/robot.egg-info
writing ../build/robot/robot.egg-info/PKG-INFO
writing dependency_links to ../build/robot/robot.egg-info/dependency_links.txt
writing entry points to ../build/robot/robot.egg-info/entry_points.txt
writing requirements to ../build/robot/robot.egg-info/requires.txt
writing top-level names to ../build/robot/robot.egg-info/top_level.txt
writing manifest file '../build/robot/robot.egg-info/SOURCES.txt'
reading manifest file '../build/robot/robot.egg-info/SOURCES.txt'
writing manifest file '../build/robot/robot.egg-info/SOURCES.txt'
running build
running build_py
creating /home/charansc/ros2_ws2/src/build/robot/build
creating /home/charansc/ros2_ws2/src/build/robot/build/lib
creating /home/charansc/ros2_ws2/src/build/robot/build/lib/robot
copying robot/hw_pub.py -> /home/charansc/ros2_ws2/src/build/robot/build/lib/robot
copying robot/joy_sub.py -> /home/charansc/ros2_ws2/src/build/robot/build/lib/robot
copying robot/__init__.py -> /home/charansc/ros2_ws2/src/build/robot/build/lib/robot
running install
running install_lib
creating /home/charansc/ros2_ws2/src/install/robot/lib/python3.10/site-packages/robot
copying /home/charansc/ros2_ws2/src/build/robot/build/lib/robot/hw_pub.py -> /home/charansc/ros2_ws2/src/install/robot/lib/python3.10/site-packages/robot
copying /home/charansc/ros2_ws2/src/build/robot/build/lib/robot/joy_sub.py -> /home/charansc/ros2_ws2/src/install/robot/lib/python3.10/site-packages/robot
copying /home/charansc/ros2_ws2/src/build/robot/build/lib/robot/__init__.py -> /home/charansc/ros2_ws2/src/install/robot/lib/python3.10/site-packages/robot
byte-compiling /home/charansc/ros2_ws2/src/install/robot/lib/python3.10/site-packages/robot/hw_pub.py to hw_pub.cpython-310.pyc
byte-compiling /home/charansc/ros2_ws2/src/install/robot/lib/python3.10/site-packages/robot/joy_sub.py to joy_sub.cpython-310.pyc
byte-compiling /home/charansc/ros2_ws2/src/install/robot/lib/python3.10/site-packages/robot/__init__.py to __init__.cpython-310.pyc
running install_data
creating /home/charansc/ros2_ws2/src/install/robot/share/ament_index
creating /home/charansc/ros2_ws2/src/install/robot/share/ament_index/resource_index
creating /home/charansc/ros2_ws2/src/install/robot/share/ament_index/resource_index/packages
copying resource/robot -> /home/charansc/ros2_ws2/src/install/robot/share/ament_index/resource_index/packages
copying package.xml -> /home/charansc/ros2_ws2/src/install/robot/share/robot
running install_egg_info
Copying ../build/robot/robot.egg-info to /home/charansc/ros2_ws2/src/install/robot/lib/python3.10/site-packages/robot-0.0.0-py3.10.egg-info
running install_scripts
Installing hw_pub script to /home/charansc/ros2_ws2/src/install/robot/lib/robot
Installing joy_sub script to /home/charansc/ros2_ws2/src/install/robot/lib/robot
writing list of installed files to '/home/charansc/ros2_ws2/src/build/robot/install.log'
