running egg_info
creating ../build/a_learn/a_learn.egg-info
writing ../build/a_learn/a_learn.egg-info/PKG-INFO
writing dependency_links to ../build/a_learn/a_learn.egg-info/dependency_links.txt
writing entry points to ../build/a_learn/a_learn.egg-info/entry_points.txt
writing requirements to ../build/a_learn/a_learn.egg-info/requires.txt
writing top-level names to ../build/a_learn/a_learn.egg-info/top_level.txt
writing manifest file '../build/a_learn/a_learn.egg-info/SOURCES.txt'
reading manifest file '../build/a_learn/a_learn.egg-info/SOURCES.txt'
writing manifest file '../build/a_learn/a_learn.egg-info/SOURCES.txt'
running build
running build_py
creating /home/charansc/ros2_ws2/src/build/a_learn/build
creating /home/charansc/ros2_ws2/src/build/a_learn/build/lib
creating /home/charansc/ros2_ws2/src/build/a_learn/build/lib/a_learn
copying a_learn/service_test_add.py -> /home/charansc/ros2_ws2/src/build/a_learn/build/lib/a_learn
copying a_learn/my_first_node.py -> /home/charansc/ros2_ws2/src/build/a_learn/build/lib/a_learn
copying a_learn/turtlesim_teleop.py -> /home/charansc/ros2_ws2/src/build/a_learn/build/lib/a_learn
copying a_learn/add_service_client.py -> /home/charansc/ros2_ws2/src/build/a_learn/build/lib/a_learn
copying a_learn/my_first_sub.py -> /home/charansc/ros2_ws2/src/build/a_learn/build/lib/a_learn
copying a_learn/para_node.py -> /home/charansc/ros2_ws2/src/build/a_learn/build/lib/a_learn
copying a_learn/__init__.py -> /home/charansc/ros2_ws2/src/build/a_learn/build/lib/a_learn
running install
running install_lib
creating /home/charansc/ros2_ws2/src/install/a_learn/lib/python3.10/site-packages/a_learn
copying /home/charansc/ros2_ws2/src/build/a_learn/build/lib/a_learn/service_test_add.py -> /home/charansc/ros2_ws2/src/install/a_learn/lib/python3.10/site-packages/a_learn
copying /home/charansc/ros2_ws2/src/build/a_learn/build/lib/a_learn/my_first_node.py -> /home/charansc/ros2_ws2/src/install/a_learn/lib/python3.10/site-packages/a_learn
copying /home/charansc/ros2_ws2/src/build/a_learn/build/lib/a_learn/turtlesim_teleop.py -> /home/charansc/ros2_ws2/src/install/a_learn/lib/python3.10/site-packages/a_learn
copying /home/charansc/ros2_ws2/src/build/a_learn/build/lib/a_learn/add_service_client.py -> /home/charansc/ros2_ws2/src/install/a_learn/lib/python3.10/site-packages/a_learn
copying /home/charansc/ros2_ws2/src/build/a_learn/build/lib/a_learn/my_first_sub.py -> /home/charansc/ros2_ws2/src/install/a_learn/lib/python3.10/site-packages/a_learn
copying /home/charansc/ros2_ws2/src/build/a_learn/build/lib/a_learn/para_node.py -> /home/charansc/ros2_ws2/src/install/a_learn/lib/python3.10/site-packages/a_learn
copying /home/charansc/ros2_ws2/src/build/a_learn/build/lib/a_learn/__init__.py -> /home/charansc/ros2_ws2/src/install/a_learn/lib/python3.10/site-packages/a_learn
byte-compiling /home/charansc/ros2_ws2/src/install/a_learn/lib/python3.10/site-packages/a_learn/service_test_add.py to service_test_add.cpython-310.pyc
byte-compiling /home/charansc/ros2_ws2/src/install/a_learn/lib/python3.10/site-packages/a_learn/my_first_node.py to my_first_node.cpython-310.pyc
byte-compiling /home/charansc/ros2_ws2/src/install/a_learn/lib/python3.10/site-packages/a_learn/turtlesim_teleop.py to turtlesim_teleop.cpython-310.pyc
byte-compiling /home/charansc/ros2_ws2/src/install/a_learn/lib/python3.10/site-packages/a_learn/add_service_client.py to add_service_client.cpython-310.pyc
byte-compiling /home/charansc/ros2_ws2/src/install/a_learn/lib/python3.10/site-packages/a_learn/my_first_sub.py to my_first_sub.cpython-310.pyc
byte-compiling /home/charansc/ros2_ws2/src/install/a_learn/lib/python3.10/site-packages/a_learn/para_node.py to para_node.cpython-310.pyc
byte-compiling /home/charansc/ros2_ws2/src/install/a_learn/lib/python3.10/site-packages/a_learn/__init__.py to __init__.cpython-310.pyc
running install_data
creating /home/charansc/ros2_ws2/src/install/a_learn/share/ament_index
creating /home/charansc/ros2_ws2/src/install/a_learn/share/ament_index/resource_index
creating /home/charansc/ros2_ws2/src/install/a_learn/share/ament_index/resource_index/packages
copying resource/a_learn -> /home/charansc/ros2_ws2/src/install/a_learn/share/ament_index/resource_index/packages
copying package.xml -> /home/charansc/ros2_ws2/src/install/a_learn/share/a_learn
running install_egg_info
Copying ../build/a_learn/a_learn.egg-info to /home/charansc/ros2_ws2/src/install/a_learn/lib/python3.10/site-packages/a_learn-0.0.0-py3.10.egg-info
running install_scripts
Installing para_test script to /home/charansc/ros2_ws2/src/install/a_learn/lib/a_learn
Installing pub_node script to /home/charansc/ros2_ws2/src/install/a_learn/lib/a_learn
Installing service_add script to /home/charansc/ros2_ws2/src/install/a_learn/lib/a_learn
Installing service_client script to /home/charansc/ros2_ws2/src/install/a_learn/lib/a_learn
Installing sub_node script to /home/charansc/ros2_ws2/src/install/a_learn/lib/a_learn
Installing turtlesim_teleop script to /home/charansc/ros2_ws2/src/install/a_learn/lib/a_learn
writing list of installed files to '/home/charansc/ros2_ws2/src/build/a_learn/install.log'
