[0.446s] Invoking command in '/home/charansc/ros2_ws2/build/a_learn': PYTHONPATH=/home/charansc/ros2_ws2/build/a_learn/prefix_override:/usr/lib/python3/dist-packages/colcon_core/task/python/colcon_distutils_commands:/home/charansc/ros2_ws2/install/a_learn/lib/python3.10/site-packages:${PYTHONPATH} /usr/bin/python3 -W ignore:setup.py install is deprecated -W ignore:easy_install command is deprecated setup.py develop --uninstall --editable --build-directory /home/charansc/ros2_ws2/build/a_learn/build
[0.612s] running develop
[0.709s] Removing /home/charansc/ros2_ws2/install/a_learn/lib/python3.10/site-packages/a-learn.egg-link (link to .)
[0.728s] Invoked command in '/home/charansc/ros2_ws2/build/a_learn' returned '0': PYTHONPATH=/home/charansc/ros2_ws2/build/a_learn/prefix_override:/usr/lib/python3/dist-packages/colcon_core/task/python/colcon_distutils_commands:/home/charansc/ros2_ws2/install/a_learn/lib/python3.10/site-packages:${PYTHONPATH} /usr/bin/python3 -W ignore:setup.py install is deprecated -W ignore:easy_install command is deprecated setup.py develop --uninstall --editable --build-directory /home/charansc/ros2_ws2/build/a_learn/build
[0.730s] Invoking command in '/home/charansc/ros2_ws2/src/a_learn': PYTHONPATH=/home/charansc/ros2_ws2/build/a_learn/prefix_override:/usr/lib/python3/dist-packages/colcon_core/task/python/colcon_distutils_commands:/home/charansc/ros2_ws2/install/a_learn/lib/python3.10/site-packages:${PYTHONPATH} /usr/bin/python3 -W ignore:setup.py install is deprecated -W ignore:easy_install command is deprecated setup.py egg_info --egg-base ../../build/a_learn build --build-base /home/charansc/ros2_ws2/build/a_learn/build install --record /home/charansc/ros2_ws2/build/a_learn/install.log --single-version-externally-managed install_data --force
[0.881s] running egg_info
[0.882s] writing ../../build/a_learn/a_learn.egg-info/PKG-INFO
[0.882s] writing dependency_links to ../../build/a_learn/a_learn.egg-info/dependency_links.txt
[0.882s] writing entry points to ../../build/a_learn/a_learn.egg-info/entry_points.txt
[0.882s] writing requirements to ../../build/a_learn/a_learn.egg-info/requires.txt
[0.882s] writing top-level names to ../../build/a_learn/a_learn.egg-info/top_level.txt
[0.883s] reading manifest file '../../build/a_learn/a_learn.egg-info/SOURCES.txt'
[0.884s] writing manifest file '../../build/a_learn/a_learn.egg-info/SOURCES.txt'
[0.884s] running build
[0.884s] running build_py
[0.884s] copying a_learn/my_first_node.py -> /home/charansc/ros2_ws2/build/a_learn/build/lib/a_learn
[0.884s] copying a_learn/turtlesim_teleop.py -> /home/charansc/ros2_ws2/build/a_learn/build/lib/a_learn
[0.884s] copying a_learn/my_first_sub.py -> /home/charansc/ros2_ws2/build/a_learn/build/lib/a_learn
[0.884s] running install
[0.884s] running install_lib
[0.885s] creating /home/charansc/ros2_ws2/install/a_learn/lib/python3.10/site-packages/a_learn
[0.885s] copying /home/charansc/ros2_ws2/build/a_learn/build/lib/a_learn/service_test_add.py -> /home/charansc/ros2_ws2/install/a_learn/lib/python3.10/site-packages/a_learn
[0.885s] copying /home/charansc/ros2_ws2/build/a_learn/build/lib/a_learn/my_first_node.py -> /home/charansc/ros2_ws2/install/a_learn/lib/python3.10/site-packages/a_learn
[0.885s] copying /home/charansc/ros2_ws2/build/a_learn/build/lib/a_learn/turtlesim_teleop.py -> /home/charansc/ros2_ws2/install/a_learn/lib/python3.10/site-packages/a_learn
[0.885s] copying /home/charansc/ros2_ws2/build/a_learn/build/lib/a_learn/add_service_client.py -> /home/charansc/ros2_ws2/install/a_learn/lib/python3.10/site-packages/a_learn
[0.885s] copying /home/charansc/ros2_ws2/build/a_learn/build/lib/a_learn/my_first_sub.py -> /home/charansc/ros2_ws2/install/a_learn/lib/python3.10/site-packages/a_learn
[0.885s] copying /home/charansc/ros2_ws2/build/a_learn/build/lib/a_learn/para_node.py -> /home/charansc/ros2_ws2/install/a_learn/lib/python3.10/site-packages/a_learn
[0.885s] copying /home/charansc/ros2_ws2/build/a_learn/build/lib/a_learn/__init__.py -> /home/charansc/ros2_ws2/install/a_learn/lib/python3.10/site-packages/a_learn
[0.885s] byte-compiling /home/charansc/ros2_ws2/install/a_learn/lib/python3.10/site-packages/a_learn/service_test_add.py to service_test_add.cpython-310.pyc
[0.885s] byte-compiling /home/charansc/ros2_ws2/install/a_learn/lib/python3.10/site-packages/a_learn/my_first_node.py to my_first_node.cpython-310.pyc
[0.886s] byte-compiling /home/charansc/ros2_ws2/install/a_learn/lib/python3.10/site-packages/a_learn/turtlesim_teleop.py to turtlesim_teleop.cpython-310.pyc
[0.886s] byte-compiling /home/charansc/ros2_ws2/install/a_learn/lib/python3.10/site-packages/a_learn/add_service_client.py to add_service_client.cpython-310.pyc
[0.886s] byte-compiling /home/charansc/ros2_ws2/install/a_learn/lib/python3.10/site-packages/a_learn/my_first_sub.py to my_first_sub.cpython-310.pyc
[0.886s] byte-compiling /home/charansc/ros2_ws2/install/a_learn/lib/python3.10/site-packages/a_learn/para_node.py to para_node.cpython-310.pyc
[0.886s] byte-compiling /home/charansc/ros2_ws2/install/a_learn/lib/python3.10/site-packages/a_learn/__init__.py to __init__.cpython-310.pyc
[0.887s] running install_data
[0.887s] copying resource/a_learn -> /home/charansc/ros2_ws2/install/a_learn/share/ament_index/resource_index/packages
[0.887s] copying package.xml -> /home/charansc/ros2_ws2/install/a_learn/share/a_learn
[0.887s] running install_egg_info
[0.888s] Copying ../../build/a_learn/a_learn.egg-info to /home/charansc/ros2_ws2/install/a_learn/lib/python3.10/site-packages/a_learn-0.0.0-py3.10.egg-info
[0.888s] running install_scripts
[0.902s] Installing para_test script to /home/charansc/ros2_ws2/install/a_learn/lib/a_learn
[0.902s] Installing pub_node script to /home/charansc/ros2_ws2/install/a_learn/lib/a_learn
[0.902s] Installing service_add script to /home/charansc/ros2_ws2/install/a_learn/lib/a_learn
[0.902s] Installing service_client script to /home/charansc/ros2_ws2/install/a_learn/lib/a_learn
[0.902s] Installing sub_node script to /home/charansc/ros2_ws2/install/a_learn/lib/a_learn
[0.902s] Installing turtlesim_teleop script to /home/charansc/ros2_ws2/install/a_learn/lib/a_learn
[0.902s] writing list of installed files to '/home/charansc/ros2_ws2/build/a_learn/install.log'
[0.919s] Invoked command in '/home/charansc/ros2_ws2/src/a_learn' returned '0': PYTHONPATH=/home/charansc/ros2_ws2/build/a_learn/prefix_override:/usr/lib/python3/dist-packages/colcon_core/task/python/colcon_distutils_commands:/home/charansc/ros2_ws2/install/a_learn/lib/python3.10/site-packages:${PYTHONPATH} /usr/bin/python3 -W ignore:setup.py install is deprecated -W ignore:easy_install command is deprecated setup.py egg_info --egg-base ../../build/a_learn build --build-base /home/charansc/ros2_ws2/build/a_learn/build install --record /home/charansc/ros2_ws2/build/a_learn/install.log --single-version-externally-managed install_data --force
