[0.446s] Invoking command in '/home/charansc/ros2_ws2/build/a_learn': PYTHONPATH=/home/charansc/ros2_ws2/build/a_learn/prefix_override:/usr/lib/python3/dist-packages/colcon_core/task/python/colcon_distutils_commands:/home/charansc/ros2_ws2/install/a_learn/lib/python3.10/site-packages:${PYTHONPATH} /usr/bin/python3 -W ignore:setup.py install is deprecated -W ignore:easy_install command is deprecated setup.py develop --editable --build-directory /home/charansc/ros2_ws2/build/a_learn/build --no-deps symlink_data --force
[0.609s] running develop
[0.705s] running egg_info
[0.705s] writing a_learn.egg-info/PKG-INFO
[0.705s] writing dependency_links to a_learn.egg-info/dependency_links.txt
[0.705s] writing entry points to a_learn.egg-info/entry_points.txt
[0.705s] writing requirements to a_learn.egg-info/requires.txt
[0.705s] writing top-level names to a_learn.egg-info/top_level.txt
[0.706s] reading manifest file 'a_learn.egg-info/SOURCES.txt'
[0.706s] writing manifest file 'a_learn.egg-info/SOURCES.txt'
[0.708s] running build_ext
[0.708s] Creating /home/charansc/ros2_ws2/install/a_learn/lib/python3.10/site-packages/a-learn.egg-link (link to .)
[0.708s] Installing para_test script to /home/charansc/ros2_ws2/install/a_learn/lib/a_learn
[0.708s] Installing pub_node script to /home/charansc/ros2_ws2/install/a_learn/lib/a_learn
[0.708s] Installing service_add script to /home/charansc/ros2_ws2/install/a_learn/lib/a_learn
[0.708s] Installing service_client script to /home/charansc/ros2_ws2/install/a_learn/lib/a_learn
[0.708s] Installing sub_node script to /home/charansc/ros2_ws2/install/a_learn/lib/a_learn
[0.708s] Installing turtlesim_teleop script to /home/charansc/ros2_ws2/install/a_learn/lib/a_learn
[0.709s] 
[0.709s] Installed /home/charansc/ros2_ws2/build/a_learn
[0.709s] running symlink_data
[0.709s] symbolically linking /home/charansc/ros2_ws2/build/a_learn/resource/a_learn -> /home/charansc/ros2_ws2/install/a_learn/share/ament_index/resource_index/packages
[0.709s] symbolically linking /home/charansc/ros2_ws2/build/a_learn/package.xml -> /home/charansc/ros2_ws2/install/a_learn/share/a_learn
[0.728s] Invoked command in '/home/charansc/ros2_ws2/build/a_learn' returned '0': PYTHONPATH=/home/charansc/ros2_ws2/build/a_learn/prefix_override:/usr/lib/python3/dist-packages/colcon_core/task/python/colcon_distutils_commands:/home/charansc/ros2_ws2/install/a_learn/lib/python3.10/site-packages:${PYTHONPATH} /usr/bin/python3 -W ignore:setup.py install is deprecated -W ignore:easy_install command is deprecated setup.py develop --editable --build-directory /home/charansc/ros2_ws2/build/a_learn/build --no-deps symlink_data --force
