[0.069s] DEBUG:colcon:Command line arguments: ['/usr/bin/colcon', 'build', '--symlink-install']
[0.069s] DEBUG:colcon:Parsed command line arguments: Namespace(log_base=None, log_level=None, verb_name='build', build_base='build', install_base='install', merge_install=False, symlink_install=True, test_result_base=None, continue_on_error=False, executor='parallel', parallel_workers=16, event_handlers=None, ignore_user_meta=False, metas=['./colcon.meta'], base_paths=['.'], packages_ignore=None, packages_ignore_regex=None, paths=None, packages_up_to=None, packages_up_to_regex=None, packages_above=None, packages_above_and_dependencies=None, packages_above_depth=None, packages_select_by_dep=None, packages_skip_by_dep=None, packages_skip_up_to=None, packages_select_build_failed=False, packages_skip_build_finished=False, packages_select_test_failures=False, packages_skip_test_passed=False, packages_select=None, packages_skip=None, packages_select_regex=None, packages_skip_regex=None, packages_start=None, packages_end=None, cmake_args=None, cmake_target=None, cmake_target_skip_unavailable=False, cmake_clean_cache=False, cmake_clean_first=False, cmake_force_configure=False, ament_cmake_args=None, catkin_cmake_args=None, catkin_skip_building_tests=False, verb_parser=<colcon_defaults.argument_parser.defaults.DefaultArgumentsDecorator object at 0x7eb6dec158a0>, verb_extension=<colcon_core.verb.build.BuildVerb object at 0x7eb6dec152a0>, main=<bound method BuildVerb.main of <colcon_core.verb.build.BuildVerb object at 0x7eb6dec152a0>>)
[0.173s] Level 1:colcon.colcon_core.package_discovery:discover_packages(colcon_meta) check parameters
[0.173s] Level 1:colcon.colcon_core.package_discovery:discover_packages(recursive) check parameters
[0.173s] Level 1:colcon.colcon_core.package_discovery:discover_packages(ignore) check parameters
[0.173s] Level 1:colcon.colcon_core.package_discovery:discover_packages(path) check parameters
[0.173s] Level 1:colcon.colcon_core.package_discovery:discover_packages(colcon_meta) discover
[0.174s] Level 1:colcon.colcon_core.package_discovery:discover_packages(recursive) discover
[0.174s] INFO:colcon.colcon_core.package_discovery:Crawling recursively for packages in '/home/charansc/ros2_ws2'
[0.174s] Level 1:colcon.colcon_core.package_identification:_identify(.) by extensions ['ignore', 'ignore_ament_install']
[0.174s] Level 1:colcon.colcon_core.package_identification:_identify(.) by extension 'ignore'
[0.174s] Level 1:colcon.colcon_core.package_identification:_identify(.) by extension 'ignore_ament_install'
[0.174s] Level 1:colcon.colcon_core.package_identification:_identify(.) by extensions ['colcon_pkg']
[0.174s] Level 1:colcon.colcon_core.package_identification:_identify(.) by extension 'colcon_pkg'
[0.174s] Level 1:colcon.colcon_core.package_identification:_identify(.) by extensions ['colcon_meta']
[0.174s] Level 1:colcon.colcon_core.package_identification:_identify(.) by extension 'colcon_meta'
[0.174s] Level 1:colcon.colcon_core.package_identification:_identify(.) by extensions ['ros']
[0.174s] Level 1:colcon.colcon_core.package_identification:_identify(.) by extension 'ros'
[0.181s] Level 1:colcon.colcon_core.package_identification:_identify(.) by extensions ['cmake', 'python']
[0.181s] Level 1:colcon.colcon_core.package_identification:_identify(.) by extension 'cmake'
[0.181s] Level 1:colcon.colcon_core.package_identification:_identify(.) by extension 'python'
[0.181s] Level 1:colcon.colcon_core.package_identification:_identify(.) by extensions ['python_setup_py']
[0.181s] Level 1:colcon.colcon_core.package_identification:_identify(.) by extension 'python_setup_py'
[0.181s] Level 1:colcon.colcon_core.package_identification:_identify(build) by extensions ['ignore', 'ignore_ament_install']
[0.181s] Level 1:colcon.colcon_core.package_identification:_identify(build) by extension 'ignore'
[0.181s] Level 1:colcon.colcon_core.package_identification:_identify(build) ignored
[0.181s] Level 1:colcon.colcon_core.package_identification:_identify(install) by extensions ['ignore', 'ignore_ament_install']
[0.181s] Level 1:colcon.colcon_core.package_identification:_identify(install) by extension 'ignore'
[0.181s] Level 1:colcon.colcon_core.package_identification:_identify(install) ignored
[0.181s] Level 1:colcon.colcon_core.package_identification:_identify(log) by extensions ['ignore', 'ignore_ament_install']
[0.181s] Level 1:colcon.colcon_core.package_identification:_identify(log) by extension 'ignore'
[0.181s] Level 1:colcon.colcon_core.package_identification:_identify(log) ignored
[0.181s] Level 1:colcon.colcon_core.package_identification:_identify(src) by extensions ['ignore', 'ignore_ament_install']
[0.181s] Level 1:colcon.colcon_core.package_identification:_identify(src) by extension 'ignore'
[0.181s] Level 1:colcon.colcon_core.package_identification:_identify(src) by extension 'ignore_ament_install'
[0.182s] Level 1:colcon.colcon_core.package_identification:_identify(src) by extensions ['colcon_pkg']
[0.182s] Level 1:colcon.colcon_core.package_identification:_identify(src) by extension 'colcon_pkg'
[0.182s] Level 1:colcon.colcon_core.package_identification:_identify(src) by extensions ['colcon_meta']
[0.182s] Level 1:colcon.colcon_core.package_identification:_identify(src) by extension 'colcon_meta'
[0.182s] Level 1:colcon.colcon_core.package_identification:_identify(src) by extensions ['ros']
[0.182s] Level 1:colcon.colcon_core.package_identification:_identify(src) by extension 'ros'
[0.182s] Level 1:colcon.colcon_core.package_identification:_identify(src) by extensions ['cmake', 'python']
[0.182s] Level 1:colcon.colcon_core.package_identification:_identify(src) by extension 'cmake'
[0.182s] Level 1:colcon.colcon_core.package_identification:_identify(src) by extension 'python'
[0.182s] Level 1:colcon.colcon_core.package_identification:_identify(src) by extensions ['python_setup_py']
[0.182s] Level 1:colcon.colcon_core.package_identification:_identify(src) by extension 'python_setup_py'
[0.182s] Level 1:colcon.colcon_core.package_identification:_identify(src/a_learn) by extensions ['ignore', 'ignore_ament_install']
[0.182s] Level 1:colcon.colcon_core.package_identification:_identify(src/a_learn) by extension 'ignore'
[0.182s] Level 1:colcon.colcon_core.package_identification:_identify(src/a_learn) by extension 'ignore_ament_install'
[0.182s] Level 1:colcon.colcon_core.package_identification:_identify(src/a_learn) by extensions ['colcon_pkg']
[0.182s] Level 1:colcon.colcon_core.package_identification:_identify(src/a_learn) by extension 'colcon_pkg'
[0.182s] Level 1:colcon.colcon_core.package_identification:_identify(src/a_learn) by extensions ['colcon_meta']
[0.182s] Level 1:colcon.colcon_core.package_identification:_identify(src/a_learn) by extension 'colcon_meta'
[0.182s] Level 1:colcon.colcon_core.package_identification:_identify(src/a_learn) by extensions ['ros']
[0.182s] Level 1:colcon.colcon_core.package_identification:_identify(src/a_learn) by extension 'ros'
[0.183s] DEBUG:colcon.colcon_core.package_identification:Package 'src/a_learn' with type 'ros.ament_python' and name 'a_learn'
[0.183s] Level 1:colcon.colcon_core.package_identification:_identify(src/bringup_robot) by extensions ['ignore', 'ignore_ament_install']
[0.184s] Level 1:colcon.colcon_core.package_identification:_identify(src/bringup_robot) by extension 'ignore'
[0.184s] Level 1:colcon.colcon_core.package_identification:_identify(src/bringup_robot) by extension 'ignore_ament_install'
[0.184s] Level 1:colcon.colcon_core.package_identification:_identify(src/bringup_robot) by extensions ['colcon_pkg']
[0.184s] Level 1:colcon.colcon_core.package_identification:_identify(src/bringup_robot) by extension 'colcon_pkg'
[0.184s] Level 1:colcon.colcon_core.package_identification:_identify(src/bringup_robot) by extensions ['colcon_meta']
[0.184s] Level 1:colcon.colcon_core.package_identification:_identify(src/bringup_robot) by extension 'colcon_meta'
[0.184s] Level 1:colcon.colcon_core.package_identification:_identify(src/bringup_robot) by extensions ['ros']
[0.184s] Level 1:colcon.colcon_core.package_identification:_identify(src/bringup_robot) by extension 'ros'
[0.184s] DEBUG:colcon.colcon_core.package_identification:Package 'src/bringup_robot' with type 'ros.ament_cmake' and name 'bringup_robot'
[0.184s] Level 1:colcon.colcon_core.package_identification:_identify(src/robot_description) by extensions ['ignore', 'ignore_ament_install']
[0.184s] Level 1:colcon.colcon_core.package_identification:_identify(src/robot_description) by extension 'ignore'
[0.184s] Level 1:colcon.colcon_core.package_identification:_identify(src/robot_description) by extension 'ignore_ament_install'
[0.184s] Level 1:colcon.colcon_core.package_identification:_identify(src/robot_description) by extensions ['colcon_pkg']
[0.184s] Level 1:colcon.colcon_core.package_identification:_identify(src/robot_description) by extension 'colcon_pkg'
[0.184s] Level 1:colcon.colcon_core.package_identification:_identify(src/robot_description) by extensions ['colcon_meta']
[0.184s] Level 1:colcon.colcon_core.package_identification:_identify(src/robot_description) by extension 'colcon_meta'
[0.184s] Level 1:colcon.colcon_core.package_identification:_identify(src/robot_description) by extensions ['ros']
[0.184s] Level 1:colcon.colcon_core.package_identification:_identify(src/robot_description) by extension 'ros'
[0.185s] DEBUG:colcon.colcon_core.package_identification:Package 'src/robot_description' with type 'ros.ament_cmake' and name 'robot_description'
[0.185s] Level 1:colcon.colcon_core.package_discovery:discover_packages(recursive) using defaults
[0.185s] Level 1:colcon.colcon_core.package_discovery:discover_packages(ignore) discover
[0.185s] Level 1:colcon.colcon_core.package_discovery:discover_packages(ignore) using defaults
[0.185s] Level 1:colcon.colcon_core.package_discovery:discover_packages(path) discover
[0.185s] Level 1:colcon.colcon_core.package_discovery:discover_packages(path) using defaults
[0.205s] Level 5:colcon.colcon_core.verb:set package 'a_learn' build argument 'cmake_args' from command line to 'None'
[0.205s] Level 5:colcon.colcon_core.verb:set package 'a_learn' build argument 'cmake_target' from command line to 'None'
[0.205s] Level 5:colcon.colcon_core.verb:set package 'a_learn' build argument 'cmake_target_skip_unavailable' from command line to 'False'
[0.205s] Level 5:colcon.colcon_core.verb:set package 'a_learn' build argument 'cmake_clean_cache' from command line to 'False'
[0.205s] Level 5:colcon.colcon_core.verb:set package 'a_learn' build argument 'cmake_clean_first' from command line to 'False'
[0.205s] Level 5:colcon.colcon_core.verb:set package 'a_learn' build argument 'cmake_force_configure' from command line to 'False'
[0.205s] Level 5:colcon.colcon_core.verb:set package 'a_learn' build argument 'ament_cmake_args' from command line to 'None'
[0.205s] Level 5:colcon.colcon_core.verb:set package 'a_learn' build argument 'catkin_cmake_args' from command line to 'None'
[0.205s] Level 5:colcon.colcon_core.verb:set package 'a_learn' build argument 'catkin_skip_building_tests' from command line to 'False'
[0.205s] DEBUG:colcon.colcon_core.verb:Building package 'a_learn' with the following arguments: {'ament_cmake_args': None, 'build_base': '/home/charansc/ros2_ws2/build/a_learn', 'catkin_cmake_args': None, 'catkin_skip_building_tests': False, 'cmake_args': None, 'cmake_clean_cache': False, 'cmake_clean_first': False, 'cmake_force_configure': False, 'cmake_target': None, 'cmake_target_skip_unavailable': False, 'install_base': '/home/charansc/ros2_ws2/install/a_learn', 'merge_install': False, 'path': '/home/charansc/ros2_ws2/src/a_learn', 'symlink_install': True, 'test_result_base': None}
[0.205s] Level 5:colcon.colcon_core.verb:set package 'bringup_robot' build argument 'cmake_args' from command line to 'None'
[0.205s] Level 5:colcon.colcon_core.verb:set package 'bringup_robot' build argument 'cmake_target' from command line to 'None'
[0.205s] Level 5:colcon.colcon_core.verb:set package 'bringup_robot' build argument 'cmake_target_skip_unavailable' from command line to 'False'
[0.205s] Level 5:colcon.colcon_core.verb:set package 'bringup_robot' build argument 'cmake_clean_cache' from command line to 'False'
[0.205s] Level 5:colcon.colcon_core.verb:set package 'bringup_robot' build argument 'cmake_clean_first' from command line to 'False'
[0.205s] Level 5:colcon.colcon_core.verb:set package 'bringup_robot' build argument 'cmake_force_configure' from command line to 'False'
[0.205s] Level 5:colcon.colcon_core.verb:set package 'bringup_robot' build argument 'ament_cmake_args' from command line to 'None'
[0.205s] Level 5:colcon.colcon_core.verb:set package 'bringup_robot' build argument 'catkin_cmake_args' from command line to 'None'
[0.205s] Level 5:colcon.colcon_core.verb:set package 'bringup_robot' build argument 'catkin_skip_building_tests' from command line to 'False'
[0.205s] DEBUG:colcon.colcon_core.verb:Building package 'bringup_robot' with the following arguments: {'ament_cmake_args': None, 'build_base': '/home/charansc/ros2_ws2/build/bringup_robot', 'catkin_cmake_args': None, 'catkin_skip_building_tests': False, 'cmake_args': None, 'cmake_clean_cache': False, 'cmake_clean_first': False, 'cmake_force_configure': False, 'cmake_target': None, 'cmake_target_skip_unavailable': False, 'install_base': '/home/charansc/ros2_ws2/install/bringup_robot', 'merge_install': False, 'path': '/home/charansc/ros2_ws2/src/bringup_robot', 'symlink_install': True, 'test_result_base': None}
[0.205s] Level 5:colcon.colcon_core.verb:set package 'robot_description' build argument 'cmake_args' from command line to 'None'
[0.205s] Level 5:colcon.colcon_core.verb:set package 'robot_description' build argument 'cmake_target' from command line to 'None'
[0.205s] Level 5:colcon.colcon_core.verb:set package 'robot_description' build argument 'cmake_target_skip_unavailable' from command line to 'False'
[0.205s] Level 5:colcon.colcon_core.verb:set package 'robot_description' build argument 'cmake_clean_cache' from command line to 'False'
[0.205s] Level 5:colcon.colcon_core.verb:set package 'robot_description' build argument 'cmake_clean_first' from command line to 'False'
[0.205s] Level 5:colcon.colcon_core.verb:set package 'robot_description' build argument 'cmake_force_configure' from command line to 'False'
[0.205s] Level 5:colcon.colcon_core.verb:set package 'robot_description' build argument 'ament_cmake_args' from command line to 'None'
[0.205s] Level 5:colcon.colcon_core.verb:set package 'robot_description' build argument 'catkin_cmake_args' from command line to 'None'
[0.205s] Level 5:colcon.colcon_core.verb:set package 'robot_description' build argument 'catkin_skip_building_tests' from command line to 'False'
[0.205s] DEBUG:colcon.colcon_core.verb:Building package 'robot_description' with the following arguments: {'ament_cmake_args': None, 'build_base': '/home/charansc/ros2_ws2/build/robot_description', 'catkin_cmake_args': None, 'catkin_skip_building_tests': False, 'cmake_args': None, 'cmake_clean_cache': False, 'cmake_clean_first': False, 'cmake_force_configure': False, 'cmake_target': None, 'cmake_target_skip_unavailable': False, 'install_base': '/home/charansc/ros2_ws2/install/robot_description', 'merge_install': False, 'path': '/home/charansc/ros2_ws2/src/robot_description', 'symlink_install': True, 'test_result_base': None}
[0.206s] INFO:colcon.colcon_core.executor:Executing jobs using 'parallel' executor
[0.207s] DEBUG:colcon.colcon_parallel_executor.executor.parallel:run_until_complete
[0.207s] INFO:colcon.colcon_ros.task.ament_python.build:Building ROS package in '/home/charansc/ros2_ws2/src/a_learn' with build type 'ament_python'
[0.207s] Level 1:colcon.colcon_core.shell:create_environment_hook('a_learn', 'ament_prefix_path')
[0.209s] INFO:colcon.colcon_core.plugin_system:Skipping extension 'colcon_core.shell.bat': Not used on non-Windows systems
[0.210s] INFO:colcon.colcon_core.shell:Creating environment hook '/home/charansc/ros2_ws2/install/a_learn/share/a_learn/hook/ament_prefix_path.ps1'
[0.210s] INFO:colcon.colcon_core.shell:Creating environment descriptor '/home/charansc/ros2_ws2/install/a_learn/share/a_learn/hook/ament_prefix_path.dsv'
[0.211s] INFO:colcon.colcon_core.shell:Creating environment hook '/home/charansc/ros2_ws2/install/a_learn/share/a_learn/hook/ament_prefix_path.sh'
[0.211s] INFO:colcon.colcon_core.shell:Skip shell extension 'powershell' for command environment: Not usable outside of PowerShell
[0.211s] DEBUG:colcon.colcon_core.shell:Skip shell extension 'dsv' for command environment
[0.220s] INFO:colcon.colcon_ros.task.ament_cmake.build:Building ROS package in '/home/charansc/ros2_ws2/src/bringup_robot' with build type 'ament_cmake'
[0.221s] INFO:colcon.colcon_cmake.task.cmake.build:Building CMake package in '/home/charansc/ros2_ws2/src/bringup_robot'
[0.221s] INFO:colcon.colcon_core.shell:Skip shell extension 'powershell' for command environment: Not usable outside of PowerShell
[0.221s] DEBUG:colcon.colcon_core.shell:Skip shell extension 'dsv' for command environment
[0.226s] INFO:colcon.colcon_ros.task.ament_cmake.build:Building ROS package in '/home/charansc/ros2_ws2/src/robot_description' with build type 'ament_cmake'
[0.227s] INFO:colcon.colcon_cmake.task.cmake.build:Building CMake package in '/home/charansc/ros2_ws2/src/robot_description'
[0.227s] INFO:colcon.colcon_core.shell:Skip shell extension 'powershell' for command environment: Not usable outside of PowerShell
[0.227s] DEBUG:colcon.colcon_core.shell:Skip shell extension 'dsv' for command environment
[0.396s] INFO:colcon.colcon_core.task.python.build:Building Python package in '/home/charansc/ros2_ws2/src/a_learn'
[0.397s] INFO:colcon.colcon_core.shell:Skip shell extension 'powershell' for command environment: Not usable outside of PowerShell
[0.397s] DEBUG:colcon.colcon_core.shell:Skip shell extension 'dsv' for command environment
[0.405s] DEBUG:colcon.colcon_core.event_handler.log_command:Invoking command in '/home/charansc/ros2_ws2/build/bringup_robot': CMAKE_PREFIX_PATH=${CMAKE_PREFIX_PATH}:/home/charansc/ros2_ws2/install/a_learn:/home/charansc/cognipilot/cranium/install/b3rb_ros_aim_india:/home/charansc/cognipilot/cranium/src/NXP_AIM_INDIA_2025/install/b3rb_ros_aim_india:/home/charansc/install/b3rb_ros_aim_india:/opt/ros/humble /usr/bin/cmake --build /home/charansc/ros2_ws2/build/bringup_robot -- -j16 -l16
[0.410s] DEBUG:colcon.colcon_core.event_handler.log_command:Invoking command in '/home/charansc/ros2_ws2/build/robot_description': CMAKE_PREFIX_PATH=${CMAKE_PREFIX_PATH}:/home/charansc/ros2_ws2/install/a_learn:/home/charansc/cognipilot/cranium/install/b3rb_ros_aim_india:/home/charansc/cognipilot/cranium/src/NXP_AIM_INDIA_2025/install/b3rb_ros_aim_india:/home/charansc/install/b3rb_ros_aim_india:/opt/ros/humble /usr/bin/cmake --build /home/charansc/ros2_ws2/build/robot_description -- -j16 -l16
[0.437s] DEBUG:colcon.colcon_core.event_handler.log_command:Invoked command in '/home/charansc/ros2_ws2/build/bringup_robot' returned '0': CMAKE_PREFIX_PATH=${CMAKE_PREFIX_PATH}:/home/charansc/ros2_ws2/install/a_learn:/home/charansc/cognipilot/cranium/install/b3rb_ros_aim_india:/home/charansc/cognipilot/cranium/src/NXP_AIM_INDIA_2025/install/b3rb_ros_aim_india:/home/charansc/install/b3rb_ros_aim_india:/opt/ros/humble /usr/bin/cmake --build /home/charansc/ros2_ws2/build/bringup_robot -- -j16 -l16
[0.446s] DEBUG:colcon.colcon_core.event_handler.log_command:Invoking command in '/home/charansc/ros2_ws2/build/bringup_robot': CMAKE_PREFIX_PATH=${CMAKE_PREFIX_PATH}:/home/charansc/ros2_ws2/install/a_learn:/home/charansc/cognipilot/cranium/install/b3rb_ros_aim_india:/home/charansc/cognipilot/cranium/src/NXP_AIM_INDIA_2025/install/b3rb_ros_aim_india:/home/charansc/install/b3rb_ros_aim_india:/opt/ros/humble /usr/bin/cmake --install /home/charansc/ros2_ws2/build/bringup_robot
[0.448s] DEBUG:colcon.colcon_core.event_handler.log_command:Invoked command in '/home/charansc/ros2_ws2/build/robot_description' returned '0': CMAKE_PREFIX_PATH=${CMAKE_PREFIX_PATH}:/home/charansc/ros2_ws2/install/a_learn:/home/charansc/cognipilot/cranium/install/b3rb_ros_aim_india:/home/charansc/cognipilot/cranium/src/NXP_AIM_INDIA_2025/install/b3rb_ros_aim_india:/home/charansc/install/b3rb_ros_aim_india:/opt/ros/humble /usr/bin/cmake --build /home/charansc/ros2_ws2/build/robot_description -- -j16 -l16
[0.449s] DEBUG:colcon.colcon_core.event_handler.log_command:Invoking command in '/home/charansc/ros2_ws2/build/robot_description': CMAKE_PREFIX_PATH=${CMAKE_PREFIX_PATH}:/home/charansc/ros2_ws2/install/a_learn:/home/charansc/cognipilot/cranium/install/b3rb_ros_aim_india:/home/charansc/cognipilot/cranium/src/NXP_AIM_INDIA_2025/install/b3rb_ros_aim_india:/home/charansc/install/b3rb_ros_aim_india:/opt/ros/humble /usr/bin/cmake --install /home/charansc/ros2_ws2/build/robot_description
[0.466s] Level 1:colcon.colcon_core.environment:create_environment_scripts_only(bringup_robot)
[0.467s] DEBUG:colcon.colcon_core.event_handler.log_command:Invoked command in '/home/charansc/ros2_ws2/build/bringup_robot' returned '0': CMAKE_PREFIX_PATH=${CMAKE_PREFIX_PATH}:/home/charansc/ros2_ws2/install/a_learn:/home/charansc/cognipilot/cranium/install/b3rb_ros_aim_india:/home/charansc/cognipilot/cranium/src/NXP_AIM_INDIA_2025/install/b3rb_ros_aim_india:/home/charansc/install/b3rb_ros_aim_india:/opt/ros/humble /usr/bin/cmake --install /home/charansc/ros2_ws2/build/bringup_robot
[0.469s] Level 1:colcon.colcon_core.environment:checking '/home/charansc/ros2_ws2/install/bringup_robot' for CMake module files
[0.470s] Level 1:colcon.colcon_core.environment:checking '/home/charansc/ros2_ws2/install/bringup_robot' for CMake config files
[0.470s] Level 1:colcon.colcon_core.shell:create_environment_hook('bringup_robot', 'cmake_prefix_path')
[0.471s] INFO:colcon.colcon_core.shell:Creating environment hook '/home/charansc/ros2_ws2/install/bringup_robot/share/bringup_robot/hook/cmake_prefix_path.ps1'
[0.471s] INFO:colcon.colcon_core.shell:Creating environment descriptor '/home/charansc/ros2_ws2/install/bringup_robot/share/bringup_robot/hook/cmake_prefix_path.dsv'
[0.471s] INFO:colcon.colcon_core.shell:Creating environment hook '/home/charansc/ros2_ws2/install/bringup_robot/share/bringup_robot/hook/cmake_prefix_path.sh'
[0.472s] Level 1:colcon.colcon_core.environment:checking '/home/charansc/ros2_ws2/install/bringup_robot/bin'
[0.472s] Level 1:colcon.colcon_core.environment:checking '/home/charansc/ros2_ws2/install/bringup_robot/lib/pkgconfig/bringup_robot.pc'
[0.473s] Level 1:colcon.colcon_core.environment:checking '/home/charansc/ros2_ws2/install/bringup_robot/lib/python3.10/site-packages'
[0.473s] Level 1:colcon.colcon_core.environment:checking '/home/charansc/ros2_ws2/install/bringup_robot/bin'
[0.473s] INFO:colcon.colcon_core.shell:Creating package script '/home/charansc/ros2_ws2/install/bringup_robot/share/bringup_robot/package.ps1'
[0.474s] INFO:colcon.colcon_core.shell:Creating package descriptor '/home/charansc/ros2_ws2/install/bringup_robot/share/bringup_robot/package.dsv'
[0.475s] INFO:colcon.colcon_core.shell:Creating package script '/home/charansc/ros2_ws2/install/bringup_robot/share/bringup_robot/package.sh'
[0.475s] INFO:colcon.colcon_core.shell:Creating package script '/home/charansc/ros2_ws2/install/bringup_robot/share/bringup_robot/package.bash'
[0.476s] INFO:colcon.colcon_core.shell:Creating package script '/home/charansc/ros2_ws2/install/bringup_robot/share/bringup_robot/package.zsh'
[0.477s] Level 1:colcon.colcon_core.environment:create_file_with_runtime_dependencies(/home/charansc/ros2_ws2/install/bringup_robot/share/colcon-core/packages/bringup_robot)
[0.477s] Level 1:colcon.colcon_core.environment:create_environment_scripts_only(bringup_robot)
[0.478s] Level 1:colcon.colcon_core.environment:checking '/home/charansc/ros2_ws2/install/bringup_robot' for CMake module files
[0.478s] Level 1:colcon.colcon_core.environment:checking '/home/charansc/ros2_ws2/install/bringup_robot' for CMake config files
[0.478s] Level 1:colcon.colcon_core.shell:create_environment_hook('bringup_robot', 'cmake_prefix_path')
[0.479s] INFO:colcon.colcon_core.shell:Creating environment hook '/home/charansc/ros2_ws2/install/bringup_robot/share/bringup_robot/hook/cmake_prefix_path.ps1'
[0.479s] INFO:colcon.colcon_core.shell:Creating environment descriptor '/home/charansc/ros2_ws2/install/bringup_robot/share/bringup_robot/hook/cmake_prefix_path.dsv'
[0.479s] INFO:colcon.colcon_core.shell:Creating environment hook '/home/charansc/ros2_ws2/install/bringup_robot/share/bringup_robot/hook/cmake_prefix_path.sh'
[0.480s] Level 1:colcon.colcon_core.environment:checking '/home/charansc/ros2_ws2/install/bringup_robot/bin'
[0.480s] Level 1:colcon.colcon_core.environment:checking '/home/charansc/ros2_ws2/install/bringup_robot/lib/pkgconfig/bringup_robot.pc'
[0.480s] Level 1:colcon.colcon_core.environment:checking '/home/charansc/ros2_ws2/install/bringup_robot/lib/python3.10/site-packages'
[0.480s] Level 1:colcon.colcon_core.environment:checking '/home/charansc/ros2_ws2/install/bringup_robot/bin'
[0.480s] INFO:colcon.colcon_core.shell:Creating package script '/home/charansc/ros2_ws2/install/bringup_robot/share/bringup_robot/package.ps1'
[0.481s] INFO:colcon.colcon_core.shell:Creating package descriptor '/home/charansc/ros2_ws2/install/bringup_robot/share/bringup_robot/package.dsv'
[0.481s] INFO:colcon.colcon_core.shell:Creating package script '/home/charansc/ros2_ws2/install/bringup_robot/share/bringup_robot/package.sh'
[0.481s] INFO:colcon.colcon_core.shell:Creating package script '/home/charansc/ros2_ws2/install/bringup_robot/share/bringup_robot/package.bash'
[0.482s] INFO:colcon.colcon_core.shell:Creating package script '/home/charansc/ros2_ws2/install/bringup_robot/share/bringup_robot/package.zsh'
[0.482s] Level 1:colcon.colcon_core.environment:create_file_with_runtime_dependencies(/home/charansc/ros2_ws2/install/bringup_robot/share/colcon-core/packages/bringup_robot)
[0.483s] Level 1:colcon.colcon_core.environment:create_environment_scripts_only(robot_description)
[0.483s] Level 1:colcon.colcon_core.environment:checking '/home/charansc/ros2_ws2/install/robot_description' for CMake module files
[0.483s] DEBUG:colcon.colcon_core.event_handler.log_command:Invoked command in '/home/charansc/ros2_ws2/build/robot_description' returned '0': CMAKE_PREFIX_PATH=${CMAKE_PREFIX_PATH}:/home/charansc/ros2_ws2/install/a_learn:/home/charansc/cognipilot/cranium/install/b3rb_ros_aim_india:/home/charansc/cognipilot/cranium/src/NXP_AIM_INDIA_2025/install/b3rb_ros_aim_india:/home/charansc/install/b3rb_ros_aim_india:/opt/ros/humble /usr/bin/cmake --install /home/charansc/ros2_ws2/build/robot_description
[0.484s] Level 1:colcon.colcon_core.environment:checking '/home/charansc/ros2_ws2/install/robot_description' for CMake config files
[0.484s] Level 1:colcon.colcon_core.shell:create_environment_hook('robot_description', 'cmake_prefix_path')
[0.484s] INFO:colcon.colcon_core.shell:Creating environment hook '/home/charansc/ros2_ws2/install/robot_description/share/robot_description/hook/cmake_prefix_path.ps1'
[0.484s] INFO:colcon.colcon_core.shell:Creating environment descriptor '/home/charansc/ros2_ws2/install/robot_description/share/robot_description/hook/cmake_prefix_path.dsv'
[0.485s] INFO:colcon.colcon_core.shell:Creating environment hook '/home/charansc/ros2_ws2/install/robot_description/share/robot_description/hook/cmake_prefix_path.sh'
[0.485s] Level 1:colcon.colcon_core.environment:checking '/home/charansc/ros2_ws2/install/robot_description/bin'
[0.485s] Level 1:colcon.colcon_core.environment:checking '/home/charansc/ros2_ws2/install/robot_description/lib/pkgconfig/robot_description.pc'
[0.485s] Level 1:colcon.colcon_core.environment:checking '/home/charansc/ros2_ws2/install/robot_description/lib/python3.10/site-packages'
[0.485s] Level 1:colcon.colcon_core.environment:checking '/home/charansc/ros2_ws2/install/robot_description/bin'
[0.486s] INFO:colcon.colcon_core.shell:Creating package script '/home/charansc/ros2_ws2/install/robot_description/share/robot_description/package.ps1'
[0.486s] INFO:colcon.colcon_core.shell:Creating package descriptor '/home/charansc/ros2_ws2/install/robot_description/share/robot_description/package.dsv'
[0.486s] INFO:colcon.colcon_core.shell:Creating package script '/home/charansc/ros2_ws2/install/robot_description/share/robot_description/package.sh'
[0.486s] INFO:colcon.colcon_core.shell:Creating package script '/home/charansc/ros2_ws2/install/robot_description/share/robot_description/package.bash'
[0.487s] INFO:colcon.colcon_core.shell:Creating package script '/home/charansc/ros2_ws2/install/robot_description/share/robot_description/package.zsh'
[0.487s] Level 1:colcon.colcon_core.environment:create_file_with_runtime_dependencies(/home/charansc/ros2_ws2/install/robot_description/share/colcon-core/packages/robot_description)
[0.487s] Level 1:colcon.colcon_core.environment:create_environment_scripts_only(robot_description)
[0.487s] Level 1:colcon.colcon_core.environment:checking '/home/charansc/ros2_ws2/install/robot_description' for CMake module files
[0.488s] Level 1:colcon.colcon_core.environment:checking '/home/charansc/ros2_ws2/install/robot_description' for CMake config files
[0.488s] Level 1:colcon.colcon_core.shell:create_environment_hook('robot_description', 'cmake_prefix_path')
[0.488s] INFO:colcon.colcon_core.shell:Creating environment hook '/home/charansc/ros2_ws2/install/robot_description/share/robot_description/hook/cmake_prefix_path.ps1'
[0.488s] INFO:colcon.colcon_core.shell:Creating environment descriptor '/home/charansc/ros2_ws2/install/robot_description/share/robot_description/hook/cmake_prefix_path.dsv'
[0.489s] INFO:colcon.colcon_core.shell:Creating environment hook '/home/charansc/ros2_ws2/install/robot_description/share/robot_description/hook/cmake_prefix_path.sh'
[0.489s] Level 1:colcon.colcon_core.environment:checking '/home/charansc/ros2_ws2/install/robot_description/bin'
[0.489s] Level 1:colcon.colcon_core.environment:checking '/home/charansc/ros2_ws2/install/robot_description/lib/pkgconfig/robot_description.pc'
[0.489s] Level 1:colcon.colcon_core.environment:checking '/home/charansc/ros2_ws2/install/robot_description/lib/python3.10/site-packages'
[0.489s] Level 1:colcon.colcon_core.environment:checking '/home/charansc/ros2_ws2/install/robot_description/bin'
[0.489s] INFO:colcon.colcon_core.shell:Creating package script '/home/charansc/ros2_ws2/install/robot_description/share/robot_description/package.ps1'
[0.490s] INFO:colcon.colcon_core.shell:Creating package descriptor '/home/charansc/ros2_ws2/install/robot_description/share/robot_description/package.dsv'
[0.490s] INFO:colcon.colcon_core.shell:Creating package script '/home/charansc/ros2_ws2/install/robot_description/share/robot_description/package.sh'
[0.490s] INFO:colcon.colcon_core.shell:Creating package script '/home/charansc/ros2_ws2/install/robot_description/share/robot_description/package.bash'
[0.490s] INFO:colcon.colcon_core.shell:Creating package script '/home/charansc/ros2_ws2/install/robot_description/share/robot_description/package.zsh'
[0.491s] Level 1:colcon.colcon_core.environment:create_file_with_runtime_dependencies(/home/charansc/ros2_ws2/install/robot_description/share/colcon-core/packages/robot_description)
[0.657s] DEBUG:colcon.colcon_core.event_handler.log_command:Invoking command in '/home/charansc/ros2_ws2/build/a_learn': PYTHONPATH=/home/charansc/ros2_ws2/build/a_learn/prefix_override:/usr/lib/python3/dist-packages/colcon_core/task/python/colcon_distutils_commands:/home/charansc/ros2_ws2/install/a_learn/lib/python3.10/site-packages:${PYTHONPATH} /usr/bin/python3 -W ignore:setup.py install is deprecated -W ignore:easy_install command is deprecated setup.py develop --editable --build-directory /home/charansc/ros2_ws2/build/a_learn/build --no-deps symlink_data
[0.941s] Level 1:colcon.colcon_core.shell:create_environment_hook('a_learn', 'pythonpath_develop')
[0.941s] INFO:colcon.colcon_core.shell:Creating environment hook '/home/charansc/ros2_ws2/build/a_learn/share/a_learn/hook/pythonpath_develop.ps1'
[0.941s] DEBUG:colcon.colcon_core.event_handler.log_command:Invoked command in '/home/charansc/ros2_ws2/build/a_learn' returned '0': PYTHONPATH=/home/charansc/ros2_ws2/build/a_learn/prefix_override:/usr/lib/python3/dist-packages/colcon_core/task/python/colcon_distutils_commands:/home/charansc/ros2_ws2/install/a_learn/lib/python3.10/site-packages:${PYTHONPATH} /usr/bin/python3 -W ignore:setup.py install is deprecated -W ignore:easy_install command is deprecated setup.py develop --editable --build-directory /home/charansc/ros2_ws2/build/a_learn/build --no-deps symlink_data
[0.942s] INFO:colcon.colcon_core.shell:Creating environment descriptor '/home/charansc/ros2_ws2/build/a_learn/share/a_learn/hook/pythonpath_develop.dsv'
[0.942s] INFO:colcon.colcon_core.shell:Creating environment hook '/home/charansc/ros2_ws2/build/a_learn/share/a_learn/hook/pythonpath_develop.sh'
[0.942s] Level 1:colcon.colcon_core.environment:checking '/home/charansc/ros2_ws2/install/a_learn' for CMake module files
[0.943s] Level 1:colcon.colcon_core.environment:checking '/home/charansc/ros2_ws2/install/a_learn' for CMake config files
[0.943s] Level 1:colcon.colcon_core.environment:checking '/home/charansc/ros2_ws2/install/a_learn/lib'
[0.943s] Level 1:colcon.colcon_core.environment:checking '/home/charansc/ros2_ws2/install/a_learn/bin'
[0.943s] Level 1:colcon.colcon_core.environment:checking '/home/charansc/ros2_ws2/install/a_learn/lib/pkgconfig/a_learn.pc'
[0.943s] Level 1:colcon.colcon_core.environment:checking '/home/charansc/ros2_ws2/install/a_learn/lib/python3.10/site-packages'
[0.943s] Level 1:colcon.colcon_core.shell:create_environment_hook('a_learn', 'pythonpath')
[0.944s] INFO:colcon.colcon_core.shell:Creating environment hook '/home/charansc/ros2_ws2/install/a_learn/share/a_learn/hook/pythonpath.ps1'
[0.944s] INFO:colcon.colcon_core.shell:Creating environment descriptor '/home/charansc/ros2_ws2/install/a_learn/share/a_learn/hook/pythonpath.dsv'
[0.944s] INFO:colcon.colcon_core.shell:Creating environment hook '/home/charansc/ros2_ws2/install/a_learn/share/a_learn/hook/pythonpath.sh'
[0.944s] Level 1:colcon.colcon_core.environment:checking '/home/charansc/ros2_ws2/install/a_learn/bin'
[0.945s] Level 1:colcon.colcon_core.environment:create_environment_scripts_only(a_learn)
[0.945s] INFO:colcon.colcon_core.shell:Creating package script '/home/charansc/ros2_ws2/install/a_learn/share/a_learn/package.ps1'
[0.945s] INFO:colcon.colcon_core.shell:Creating package descriptor '/home/charansc/ros2_ws2/install/a_learn/share/a_learn/package.dsv'
[0.945s] INFO:colcon.colcon_core.shell:Creating package script '/home/charansc/ros2_ws2/install/a_learn/share/a_learn/package.sh'
[0.946s] INFO:colcon.colcon_core.shell:Creating package script '/home/charansc/ros2_ws2/install/a_learn/share/a_learn/package.bash'
[0.946s] INFO:colcon.colcon_core.shell:Creating package script '/home/charansc/ros2_ws2/install/a_learn/share/a_learn/package.zsh'
[0.946s] Level 1:colcon.colcon_core.environment:create_file_with_runtime_dependencies(/home/charansc/ros2_ws2/install/a_learn/share/colcon-core/packages/a_learn)
[0.946s] DEBUG:colcon.colcon_parallel_executor.executor.parallel:closing loop
[0.946s] DEBUG:colcon.colcon_parallel_executor.executor.parallel:loop closed
[0.946s] DEBUG:colcon.colcon_parallel_executor.executor.parallel:run_until_complete finished with '0'
[0.946s] DEBUG:colcon.colcon_core.event_reactor:joining thread
[0.950s] INFO:colcon.colcon_core.plugin_system:Skipping extension 'colcon_notification.desktop_notification.terminal_notifier': Not used on non-Darwin systems
[0.950s] INFO:colcon.colcon_core.plugin_system:Skipping extension 'colcon_notification.desktop_notification.win32': Not used on non-Windows systems
[0.950s] INFO:colcon.colcon_notification.desktop_notification:Sending desktop notification using 'notify2'
[0.959s] DEBUG:colcon.colcon_core.event_reactor:joined thread
[0.959s] INFO:colcon.colcon_core.shell:Creating prefix script '/home/charansc/ros2_ws2/install/local_setup.ps1'
[0.960s] INFO:colcon.colcon_core.shell:Creating prefix util module '/home/charansc/ros2_ws2/install/_local_setup_util_ps1.py'
[0.962s] INFO:colcon.colcon_core.shell:Creating prefix chain script '/home/charansc/ros2_ws2/install/setup.ps1'
[0.964s] INFO:colcon.colcon_core.shell:Creating prefix script '/home/charansc/ros2_ws2/install/local_setup.sh'
[0.964s] INFO:colcon.colcon_core.shell:Creating prefix util module '/home/charansc/ros2_ws2/install/_local_setup_util_sh.py'
[0.965s] INFO:colcon.colcon_core.shell:Creating prefix chain script '/home/charansc/ros2_ws2/install/setup.sh'
[0.967s] INFO:colcon.colcon_core.shell:Creating prefix script '/home/charansc/ros2_ws2/install/local_setup.bash'
[0.968s] INFO:colcon.colcon_core.shell:Creating prefix chain script '/home/charansc/ros2_ws2/install/setup.bash'
[0.969s] INFO:colcon.colcon_core.shell:Creating prefix script '/home/charansc/ros2_ws2/install/local_setup.zsh'
[0.970s] INFO:colcon.colcon_core.shell:Creating prefix chain script '/home/charansc/ros2_ws2/install/setup.zsh'
