running egg_info
writing ../../build/learn_pkg/learn_pkg.egg-info/PKG-INFO
writing dependency_links to ../../build/learn_pkg/learn_pkg.egg-info/dependency_links.txt
writing entry points to ../../build/learn_pkg/learn_pkg.egg-info/entry_points.txt
writing requirements to ../../build/learn_pkg/learn_pkg.egg-info/requires.txt
writing top-level names to ../../build/learn_pkg/learn_pkg.egg-info/top_level.txt
reading manifest file '../../build/learn_pkg/learn_pkg.egg-info/SOURCES.txt'
writing manifest file '../../build/learn_pkg/learn_pkg.egg-info/SOURCES.txt'
running build
running build_py
copying learn_pkg/turtlesim_teleop.py -> /home/charansc/ros2_ws/build/learn_pkg/build/lib/learn_pkg
copying learn_pkg/my_first_sub.py -> /home/charansc/ros2_ws/build/learn_pkg/build/lib/learn_pkg
running install
running install_lib
copying /home/charansc/ros2_ws/build/learn_pkg/build/lib/learn_pkg/turtlesim_teleop.py -> /home/charansc/ros2_ws/install/learn_pkg/lib/python3.10/site-packages/learn_pkg
copying /home/charansc/ros2_ws/build/learn_pkg/build/lib/learn_pkg/my_first_sub.py -> /home/charansc/ros2_ws/install/learn_pkg/lib/python3.10/site-packages/learn_pkg
byte-compiling /home/charansc/ros2_ws/install/learn_pkg/lib/python3.10/site-packages/learn_pkg/turtlesim_teleop.py to turtlesim_teleop.cpython-310.pyc
byte-compiling /home/charansc/ros2_ws/install/learn_pkg/lib/python3.10/site-packages/learn_pkg/my_first_sub.py to my_first_sub.cpython-310.pyc
running install_data
running install_egg_info
removing '/home/charansc/ros2_ws/install/learn_pkg/lib/python3.10/site-packages/learn_pkg-0.0.0-py3.10.egg-info' (and everything under it)
Copying ../../build/learn_pkg/learn_pkg.egg-info to /home/charansc/ros2_ws/install/learn_pkg/lib/python3.10/site-packages/learn_pkg-0.0.0-py3.10.egg-info
running install_scripts
Installing simple_pub_py script to /home/charansc/ros2_ws/install/learn_pkg/lib/learn_pkg
Installing simple_sub_py script to /home/charansc/ros2_ws/install/learn_pkg/lib/learn_pkg
Installing turtlesim_teleop script to /home/charansc/ros2_ws/install/learn_pkg/lib/learn_pkg
writing list of installed files to '/home/charansc/ros2_ws/build/learn_pkg/install.log'
