[0.533s] Invoking command in '/home/charansc/ros2_ws/src/learn_pkg': PYTHONPATH=/home/charansc/ros2_ws/build/learn_pkg/prefix_override:/usr/lib/python3/dist-packages/colcon_core/task/python/colcon_distutils_commands:/home/charansc/ros2_ws/install/learn_pkg/lib/python3.10/site-packages:${PYTHONPATH} /usr/bin/python3 -W ignore:setup.py install is deprecated -W ignore:easy_install command is deprecated setup.py egg_info --egg-base ../../build/learn_pkg build --build-base /home/charansc/ros2_ws/build/learn_pkg/build install --record /home/charansc/ros2_ws/build/learn_pkg/install.log --single-version-externally-managed install_data
[0.688s] running egg_info
[0.688s] writing ../../build/learn_pkg/learn_pkg.egg-info/PKG-INFO
[0.691s] writing dependency_links to ../../build/learn_pkg/learn_pkg.egg-info/dependency_links.txt
[0.691s] writing entry points to ../../build/learn_pkg/learn_pkg.egg-info/entry_points.txt
[0.691s] writing requirements to ../../build/learn_pkg/learn_pkg.egg-info/requires.txt
[0.691s] writing top-level names to ../../build/learn_pkg/learn_pkg.egg-info/top_level.txt
[0.692s] reading manifest file '../../build/learn_pkg/learn_pkg.egg-info/SOURCES.txt'
[0.694s] writing manifest file '../../build/learn_pkg/learn_pkg.egg-info/SOURCES.txt'
[0.694s] running build
[0.694s] running build_py
[0.694s] copying learn_pkg/turtlesim_teleop.py -> /home/charansc/ros2_ws/build/learn_pkg/build/lib/learn_pkg
[0.694s] copying learn_pkg/my_first_sub.py -> /home/charansc/ros2_ws/build/learn_pkg/build/lib/learn_pkg
[0.695s] running install
[0.695s] running install_lib
[0.695s] copying /home/charansc/ros2_ws/build/learn_pkg/build/lib/learn_pkg/turtlesim_teleop.py -> /home/charansc/ros2_ws/install/learn_pkg/lib/python3.10/site-packages/learn_pkg
[0.695s] copying /home/charansc/ros2_ws/build/learn_pkg/build/lib/learn_pkg/my_first_sub.py -> /home/charansc/ros2_ws/install/learn_pkg/lib/python3.10/site-packages/learn_pkg
[0.696s] byte-compiling /home/charansc/ros2_ws/install/learn_pkg/lib/python3.10/site-packages/learn_pkg/turtlesim_teleop.py to turtlesim_teleop.cpython-310.pyc
[0.696s] byte-compiling /home/charansc/ros2_ws/install/learn_pkg/lib/python3.10/site-packages/learn_pkg/my_first_sub.py to my_first_sub.cpython-310.pyc
[0.696s] running install_data
[0.696s] running install_egg_info
[0.698s] removing '/home/charansc/ros2_ws/install/learn_pkg/lib/python3.10/site-packages/learn_pkg-0.0.0-py3.10.egg-info' (and everything under it)
[0.698s] Copying ../../build/learn_pkg/learn_pkg.egg-info to /home/charansc/ros2_ws/install/learn_pkg/lib/python3.10/site-packages/learn_pkg-0.0.0-py3.10.egg-info
[0.699s] running install_scripts
[0.713s] Installing simple_pub_py script to /home/charansc/ros2_ws/install/learn_pkg/lib/learn_pkg
[0.713s] Installing simple_sub_py script to /home/charansc/ros2_ws/install/learn_pkg/lib/learn_pkg
[0.713s] Installing turtlesim_teleop script to /home/charansc/ros2_ws/install/learn_pkg/lib/learn_pkg
[0.713s] writing list of installed files to '/home/charansc/ros2_ws/build/learn_pkg/install.log'
[0.731s] Invoked command in '/home/charansc/ros2_ws/src/learn_pkg' returned '0': PYTHONPATH=/home/charansc/ros2_ws/build/learn_pkg/prefix_override:/usr/lib/python3/dist-packages/colcon_core/task/python/colcon_distutils_commands:/home/charansc/ros2_ws/install/learn_pkg/lib/python3.10/site-packages:${PYTHONPATH} /usr/bin/python3 -W ignore:setup.py install is deprecated -W ignore:easy_install command is deprecated setup.py egg_info --egg-base ../../build/learn_pkg build --build-base /home/charansc/ros2_ws/build/learn_pkg/build install --record /home/charansc/ros2_ws/build/learn_pkg/install.log --single-version-externally-managed install_data
