[0.176s] Invoking command in '/home/charansc/ros2_ws2/build/bringup_robot': CMAKE_PREFIX_PATH=${CMAKE_PREFIX_PATH}:/home/charansc/ros2_ws2/install/a_learn:/home/charansc/cognipilot/cranium/install/b3rb_ros_aim_india:/home/charansc/cognipilot/cranium/src/NXP_AIM_INDIA_2025/install/b3rb_ros_aim_india:/home/charansc/install/b3rb_ros_aim_india:/opt/ros/humble /usr/bin/cmake --build /home/charansc/ros2_ws2/build/bringup_robot -- -j16 -l16
[0.208s] Invoked command in '/home/charansc/ros2_ws2/build/bringup_robot' returned '0': CMAKE_PREFIX_PATH=${CMAKE_PREFIX_PATH}:/home/charansc/ros2_ws2/install/a_learn:/home/charansc/cognipilot/cranium/install/b3rb_ros_aim_india:/home/charansc/cognipilot/cranium/src/NXP_AIM_INDIA_2025/install/b3rb_ros_aim_india:/home/charansc/install/b3rb_ros_aim_india:/opt/ros/humble /usr/bin/cmake --build /home/charansc/ros2_ws2/build/bringup_robot -- -j16 -l16
[0.218s] Invoking command in '/home/charansc/ros2_ws2/build/bringup_robot': CMAKE_PREFIX_PATH=${CMAKE_PREFIX_PATH}:/home/charansc/ros2_ws2/install/a_learn:/home/charansc/cognipilot/cranium/install/b3rb_ros_aim_india:/home/charansc/cognipilot/cranium/src/NXP_AIM_INDIA_2025/install/b3rb_ros_aim_india:/home/charansc/install/b3rb_ros_aim_india:/opt/ros/humble /usr/bin/cmake --install /home/charansc/ros2_ws2/build/bringup_robot
[0.226s] -- Install configuration: ""
[0.226s] -- Up-to-date: /home/charansc/ros2_ws2/install/bringup_robot/share/bringup_robot/launch
[0.226s] -- Up-to-date: /home/charansc/ros2_ws2/install/bringup_robot/share/bringup_robot/launch/sample.launch.py
[0.226s] -- Up-to-date: /home/charansc/ros2_ws2/install/bringup_robot/share/ament_index/resource_index/package_run_dependencies/bringup_robot
[0.226s] -- Up-to-date: /home/charansc/ros2_ws2/install/bringup_robot/share/ament_index/resource_index/parent_prefix_path/bringup_robot
[0.226s] -- Up-to-date: /home/charansc/ros2_ws2/install/bringup_robot/share/bringup_robot/environment/ament_prefix_path.sh
[0.226s] -- Up-to-date: /home/charansc/ros2_ws2/install/bringup_robot/share/bringup_robot/environment/ament_prefix_path.dsv
[0.226s] -- Up-to-date: /home/charansc/ros2_ws2/install/bringup_robot/share/bringup_robot/environment/path.sh
[0.226s] -- Up-to-date: /home/charansc/ros2_ws2/install/bringup_robot/share/bringup_robot/environment/path.dsv
[0.226s] -- Up-to-date: /home/charansc/ros2_ws2/install/bringup_robot/share/bringup_robot/local_setup.bash
[0.226s] -- Up-to-date: /home/charansc/ros2_ws2/install/bringup_robot/share/bringup_robot/local_setup.sh
[0.226s] -- Up-to-date: /home/charansc/ros2_ws2/install/bringup_robot/share/bringup_robot/local_setup.zsh
[0.226s] -- Up-to-date: /home/charansc/ros2_ws2/install/bringup_robot/share/bringup_robot/local_setup.dsv
[0.226s] -- Installing: /home/charansc/ros2_ws2/install/bringup_robot/share/bringup_robot/package.dsv
[0.227s] -- Up-to-date: /home/charansc/ros2_ws2/install/bringup_robot/share/ament_index/resource_index/packages/bringup_robot
[0.227s] -- Up-to-date: /home/charansc/ros2_ws2/install/bringup_robot/share/bringup_robot/cmake/bringup_robotConfig.cmake
[0.227s] -- Up-to-date: /home/charansc/ros2_ws2/install/bringup_robot/share/bringup_robot/cmake/bringup_robotConfig-version.cmake
[0.227s] -- Up-to-date: /home/charansc/ros2_ws2/install/bringup_robot/share/bringup_robot/package.xml
[0.228s] Invoked command in '/home/charansc/ros2_ws2/build/bringup_robot' returned '0': CMAKE_PREFIX_PATH=${CMAKE_PREFIX_PATH}:/home/charansc/ros2_ws2/install/a_learn:/home/charansc/cognipilot/cranium/install/b3rb_ros_aim_india:/home/charansc/cognipilot/cranium/src/NXP_AIM_INDIA_2025/install/b3rb_ros_aim_india:/home/charansc/install/b3rb_ros_aim_india:/opt/ros/humble /usr/bin/cmake --install /home/charansc/ros2_ws2/build/bringup_robot
