[0.176s] Invoking command in '/home/charansc/ros2_ws2/build/robot_description': CMAKE_PREFIX_PATH=${CMAKE_PREFIX_PATH}:/home/charansc/ros2_ws2/install/a_learn:/home/charansc/cognipilot/cranium/install/b3rb_ros_aim_india:/home/charansc/cognipilot/cranium/src/NXP_AIM_INDIA_2025/install/b3rb_ros_aim_india:/home/charansc/install/b3rb_ros_aim_india:/opt/ros/humble /usr/bin/cmake --build /home/charansc/ros2_ws2/build/robot_description -- -j16 -l16
[0.222s] Invoked command in '/home/charansc/ros2_ws2/build/robot_description' returned '0': CMAKE_PREFIX_PATH=${CMAKE_PREFIX_PATH}:/home/charansc/ros2_ws2/install/a_learn:/home/charansc/cognipilot/cranium/install/b3rb_ros_aim_india:/home/charansc/cognipilot/cranium/src/NXP_AIM_INDIA_2025/install/b3rb_ros_aim_india:/home/charansc/install/b3rb_ros_aim_india:/opt/ros/humble /usr/bin/cmake --build /home/charansc/ros2_ws2/build/robot_description -- -j16 -l16
[0.223s] Invoking command in '/home/charansc/ros2_ws2/build/robot_description': CMAKE_PREFIX_PATH=${CMAKE_PREFIX_PATH}:/home/charansc/ros2_ws2/install/a_learn:/home/charansc/cognipilot/cranium/install/b3rb_ros_aim_india:/home/charansc/cognipilot/cranium/src/NXP_AIM_INDIA_2025/install/b3rb_ros_aim_india:/home/charansc/install/b3rb_ros_aim_india:/opt/ros/humble /usr/bin/cmake --install /home/charansc/ros2_ws2/build/robot_description
[0.232s] -- Install configuration: ""
[0.232s] -- Execute custom install script
[0.232s] -- Up-to-date symlink: /home/charansc/ros2_ws2/install/robot_description/share/robot_description/urdf/diif_robot.xacro
[0.233s] -- Up-to-date symlink: /home/charansc/ros2_ws2/install/robot_description/share/robot_description/launch/display.launch.py
[0.233s] -- Up-to-date symlink: /home/charansc/ros2_ws2/install/robot_description/share/robot_description/config/rviz_model.rviz
[0.233s] -- Up-to-date symlink: /home/charansc/ros2_ws2/install/robot_description/share/ament_index/resource_index/package_run_dependencies/robot_description
[0.233s] -- Up-to-date symlink: /home/charansc/ros2_ws2/install/robot_description/share/ament_index/resource_index/parent_prefix_path/robot_description
[0.233s] -- Up-to-date symlink: /home/charansc/ros2_ws2/install/robot_description/share/robot_description/environment/ament_prefix_path.sh
[0.233s] -- Up-to-date symlink: /home/charansc/ros2_ws2/install/robot_description/share/robot_description/environment/ament_prefix_path.dsv
[0.233s] -- Up-to-date symlink: /home/charansc/ros2_ws2/install/robot_description/share/robot_description/environment/path.sh
[0.233s] -- Up-to-date symlink: /home/charansc/ros2_ws2/install/robot_description/share/robot_description/environment/path.dsv
[0.233s] -- Up-to-date symlink: /home/charansc/ros2_ws2/install/robot_description/share/robot_description/local_setup.bash
[0.233s] -- Up-to-date symlink: /home/charansc/ros2_ws2/install/robot_description/share/robot_description/local_setup.sh
[0.233s] -- Up-to-date symlink: /home/charansc/ros2_ws2/install/robot_description/share/robot_description/local_setup.zsh
[0.234s] -- Up-to-date symlink: /home/charansc/ros2_ws2/install/robot_description/share/robot_description/local_setup.dsv
[0.234s] -- Symlinking: /home/charansc/ros2_ws2/install/robot_description/share/robot_description/package.dsv
[0.242s] -- Up-to-date symlink: /home/charansc/ros2_ws2/install/robot_description/share/ament_index/resource_index/packages/robot_description
[0.242s] -- Up-to-date symlink: /home/charansc/ros2_ws2/install/robot_description/share/robot_description/cmake/robot_descriptionConfig.cmake
[0.243s] -- Up-to-date symlink: /home/charansc/ros2_ws2/install/robot_description/share/robot_description/cmake/robot_descriptionConfig-version.cmake
[0.243s] -- Up-to-date symlink: /home/charansc/ros2_ws2/install/robot_description/share/robot_description/package.xml
[0.254s] Invoked command in '/home/charansc/ros2_ws2/build/robot_description' returned '0': CMAKE_PREFIX_PATH=${CMAKE_PREFIX_PATH}:/home/charansc/ros2_ws2/install/a_learn:/home/charansc/cognipilot/cranium/install/b3rb_ros_aim_india:/home/charansc/cognipilot/cranium/src/NXP_AIM_INDIA_2025/install/b3rb_ros_aim_india:/home/charansc/install/b3rb_ros_aim_india:/opt/ros/humble /usr/bin/cmake --install /home/charansc/ros2_ws2/build/robot_description
