-- Found ament_cmake: 1.3.11 (/opt/ros/humble/share/ament_cmake/cmake)
-- Override CMake install command with custom implementation using symlinks instead of copying resources
-- Found ament_lint_auto: 0.12.12 (/opt/ros/humble/share/ament_lint_auto/cmake)
-- Added test 'flake8' to check Python code syntax and style conventions
-- Added test 'lint_cmake' to check CMake code style
-- Added test 'pep257' to check Python code against some of the docstring style conventions in PEP 257
-- Added test 'xmllint' to check XML markup files
-- Configuring done
-- Generating done
-- Build files have been written to: /home/charansc/ros2_ws2/build/bringup_robot
-- Install configuration: ""
-- Execute custom install script
-- Symlinking: /home/charansc/ros2_ws2/install/bringup_robot/share/bringup_robot/launch/sample.launch.py
-- Symlinking: /home/charansc/ros2_ws2/install/bringup_robot/share/ament_index/resource_index/package_run_dependencies/bringup_robot
-- Symlinking: /home/charansc/ros2_ws2/install/bringup_robot/share/ament_index/resource_index/parent_prefix_path/bringup_robot
-- Symlinking: /home/charansc/ros2_ws2/install/bringup_robot/share/bringup_robot/environment/ament_prefix_path.sh
-- Symlinking: /home/charansc/ros2_ws2/install/bringup_robot/share/bringup_robot/environment/ament_prefix_path.dsv
-- Symlinking: /home/charansc/ros2_ws2/install/bringup_robot/share/bringup_robot/environment/path.sh
-- Symlinking: /home/charansc/ros2_ws2/install/bringup_robot/share/bringup_robot/environment/path.dsv
-- Symlinking: /home/charansc/ros2_ws2/install/bringup_robot/share/bringup_robot/local_setup.bash
-- Symlinking: /home/charansc/ros2_ws2/install/bringup_robot/share/bringup_robot/local_setup.sh
-- Symlinking: /home/charansc/ros2_ws2/install/bringup_robot/share/bringup_robot/local_setup.zsh
-- Symlinking: /home/charansc/ros2_ws2/install/bringup_robot/share/bringup_robot/local_setup.dsv
-- Symlinking: /home/charansc/ros2_ws2/install/bringup_robot/share/bringup_robot/package.dsv
-- Symlinking: /home/charansc/ros2_ws2/install/bringup_robot/share/ament_index/resource_index/packages/bringup_robot
-- Symlinking: /home/charansc/ros2_ws2/install/bringup_robot/share/bringup_robot/cmake/bringup_robotConfig.cmake
-- Symlinking: /home/charansc/ros2_ws2/install/bringup_robot/share/bringup_robot/cmake/bringup_robotConfig-version.cmake
-- Symlinking: /home/charansc/ros2_ws2/install/bringup_robot/share/bringup_robot/package.xml
