[0.173s] Invoking command in '/home/charansc/ros2_ws2/build/bringup_robot': CMAKE_PREFIX_PATH=${CMAKE_PREFIX_PATH}:/home/charansc/ros2_ws2/install/a_learn:/home/charansc/cognipilot/cranium/install/b3rb_ros_aim_india:/home/charansc/cognipilot/cranium/src/NXP_AIM_INDIA_2025/install/b3rb_ros_aim_india:/home/charansc/install/b3rb_ros_aim_india:/opt/ros/humble /usr/bin/cmake /home/charansc/ros2_ws2/src/bringup_robot -DAMENT_CMAKE_SYMLINK_INSTALL=1 -DCMAKE_INSTALL_PREFIX=/home/charansc/ros2_ws2/install/bringup_robot
[0.187s] -- Found ament_cmake: 1.3.11 (/opt/ros/humble/share/ament_cmake/cmake)
[0.284s] -- Override CMake install command with custom implementation using symlinks instead of copying resources
[0.290s] -- Found ament_lint_auto: 0.12.12 (/opt/ros/humble/share/ament_lint_auto/cmake)
[0.341s] -- Added test 'flake8' to check Python code syntax and style conventions
[0.341s] -- Added test 'lint_cmake' to check CMake code style
[0.341s] -- Added test 'pep257' to check Python code against some of the docstring style conventions in PEP 257
[0.341s] -- Added test 'xmllint' to check XML markup files
[0.342s] -- Configuring done
[0.343s] -- Generating done
[0.344s] -- Build files have been written to: /home/charansc/ros2_ws2/build/bringup_robot
[0.346s] Invoked command in '/home/charansc/ros2_ws2/build/bringup_robot' returned '0': CMAKE_PREFIX_PATH=${CMAKE_PREFIX_PATH}:/home/charansc/ros2_ws2/install/a_learn:/home/charansc/cognipilot/cranium/install/b3rb_ros_aim_india:/home/charansc/cognipilot/cranium/src/NXP_AIM_INDIA_2025/install/b3rb_ros_aim_india:/home/charansc/install/b3rb_ros_aim_india:/opt/ros/humble /usr/bin/cmake /home/charansc/ros2_ws2/src/bringup_robot -DAMENT_CMAKE_SYMLINK_INSTALL=1 -DCMAKE_INSTALL_PREFIX=/home/charansc/ros2_ws2/install/bringup_robot
[0.347s] Invoking command in '/home/charansc/ros2_ws2/build/bringup_robot': CMAKE_PREFIX_PATH=${CMAKE_PREFIX_PATH}:/home/charansc/ros2_ws2/install/a_learn:/home/charansc/cognipilot/cranium/install/b3rb_ros_aim_india:/home/charansc/cognipilot/cranium/src/NXP_AIM_INDIA_2025/install/b3rb_ros_aim_india:/home/charansc/install/b3rb_ros_aim_india:/opt/ros/humble /usr/bin/cmake --build /home/charansc/ros2_ws2/build/bringup_robot -- -j16 -l16
[0.377s] Invoked command in '/home/charansc/ros2_ws2/build/bringup_robot' returned '0': CMAKE_PREFIX_PATH=${CMAKE_PREFIX_PATH}:/home/charansc/ros2_ws2/install/a_learn:/home/charansc/cognipilot/cranium/install/b3rb_ros_aim_india:/home/charansc/cognipilot/cranium/src/NXP_AIM_INDIA_2025/install/b3rb_ros_aim_india:/home/charansc/install/b3rb_ros_aim_india:/opt/ros/humble /usr/bin/cmake --build /home/charansc/ros2_ws2/build/bringup_robot -- -j16 -l16
[0.385s] Invoking command in '/home/charansc/ros2_ws2/build/bringup_robot': CMAKE_PREFIX_PATH=${CMAKE_PREFIX_PATH}:/home/charansc/ros2_ws2/install/a_learn:/home/charansc/cognipilot/cranium/install/b3rb_ros_aim_india:/home/charansc/cognipilot/cranium/src/NXP_AIM_INDIA_2025/install/b3rb_ros_aim_india:/home/charansc/install/b3rb_ros_aim_india:/opt/ros/humble /usr/bin/cmake --install /home/charansc/ros2_ws2/build/bringup_robot
[0.391s] -- Install configuration: ""
[0.391s] -- Execute custom install script
[0.391s] -- Symlinking: /home/charansc/ros2_ws2/install/bringup_robot/share/bringup_robot/launch/sample.launch.py
[0.400s] -- Symlinking: /home/charansc/ros2_ws2/install/bringup_robot/share/ament_index/resource_index/package_run_dependencies/bringup_robot
[0.407s] -- Symlinking: /home/charansc/ros2_ws2/install/bringup_robot/share/ament_index/resource_index/parent_prefix_path/bringup_robot
[0.415s] -- Symlinking: /home/charansc/ros2_ws2/install/bringup_robot/share/bringup_robot/environment/ament_prefix_path.sh
[0.422s] -- Symlinking: /home/charansc/ros2_ws2/install/bringup_robot/share/bringup_robot/environment/ament_prefix_path.dsv
[0.431s] -- Symlinking: /home/charansc/ros2_ws2/install/bringup_robot/share/bringup_robot/environment/path.sh
[0.438s] -- Symlinking: /home/charansc/ros2_ws2/install/bringup_robot/share/bringup_robot/environment/path.dsv
[0.444s] -- Symlinking: /home/charansc/ros2_ws2/install/bringup_robot/share/bringup_robot/local_setup.bash
[0.450s] -- Symlinking: /home/charansc/ros2_ws2/install/bringup_robot/share/bringup_robot/local_setup.sh
[0.458s] -- Symlinking: /home/charansc/ros2_ws2/install/bringup_robot/share/bringup_robot/local_setup.zsh
[0.465s] -- Symlinking: /home/charansc/ros2_ws2/install/bringup_robot/share/bringup_robot/local_setup.dsv
[0.473s] -- Symlinking: /home/charansc/ros2_ws2/install/bringup_robot/share/bringup_robot/package.dsv
[0.480s] -- Symlinking: /home/charansc/ros2_ws2/install/bringup_robot/share/ament_index/resource_index/packages/bringup_robot
[0.487s] -- Symlinking: /home/charansc/ros2_ws2/install/bringup_robot/share/bringup_robot/cmake/bringup_robotConfig.cmake
[0.493s] -- Symlinking: /home/charansc/ros2_ws2/install/bringup_robot/share/bringup_robot/cmake/bringup_robotConfig-version.cmake
[0.502s] -- Symlinking: /home/charansc/ros2_ws2/install/bringup_robot/share/bringup_robot/package.xml
[0.513s] Invoked command in '/home/charansc/ros2_ws2/build/bringup_robot' returned '0': CMAKE_PREFIX_PATH=${CMAKE_PREFIX_PATH}:/home/charansc/ros2_ws2/install/a_learn:/home/charansc/cognipilot/cranium/install/b3rb_ros_aim_india:/home/charansc/cognipilot/cranium/src/NXP_AIM_INDIA_2025/install/b3rb_ros_aim_india:/home/charansc/install/b3rb_ros_aim_india:/opt/ros/humble /usr/bin/cmake --install /home/charansc/ros2_ws2/build/bringup_robot
