[0.187s] Invoking command in '/home/charansc/ros2_ws2/build/bringup_robot': CMAKE_PREFIX_PATH=${CMAKE_PREFIX_PATH}:/home/charansc/ros2_ws2/install/a_learn:/home/charansc/cognipilot/cranium/install/b3rb_ros_aim_india:/home/charansc/cognipilot/cranium/src/NXP_AIM_INDIA_2025/install/b3rb_ros_aim_india:/home/charansc/install/b3rb_ros_aim_india:/opt/ros/humble /usr/bin/cmake /home/charansc/ros2_ws2/src/bringup_robot -DCMAKE_INSTALL_PREFIX=/home/charansc/ros2_ws2/install/bringup_robot
[0.199s] -- Found ament_cmake: 1.3.11 (/opt/ros/humble/share/ament_cmake/cmake)
[0.298s] -- Override CMake install command with custom implementation using symlinks instead of copying resources
[0.302s] -- Found ament_lint_auto: 0.12.12 (/opt/ros/humble/share/ament_lint_auto/cmake)
[0.354s] -- Added test 'flake8' to check Python code syntax and style conventions
[0.354s] -- Added test 'lint_cmake' to check CMake code style
[0.354s] -- Added test 'pep257' to check Python code against some of the docstring style conventions in PEP 257
[0.354s] -- Added test 'xmllint' to check XML markup files
[0.355s] -- Configuring done
[0.356s] -- Generating done
[0.357s] -- Build files have been written to: /home/charansc/ros2_ws2/build/bringup_robot
[0.360s] Invoked command in '/home/charansc/ros2_ws2/build/bringup_robot' returned '0': CMAKE_PREFIX_PATH=${CMAKE_PREFIX_PATH}:/home/charansc/ros2_ws2/install/a_learn:/home/charansc/cognipilot/cranium/install/b3rb_ros_aim_india:/home/charansc/cognipilot/cranium/src/NXP_AIM_INDIA_2025/install/b3rb_ros_aim_india:/home/charansc/install/b3rb_ros_aim_india:/opt/ros/humble /usr/bin/cmake /home/charansc/ros2_ws2/src/bringup_robot -DCMAKE_INSTALL_PREFIX=/home/charansc/ros2_ws2/install/bringup_robot
[0.362s] Invoking command in '/home/charansc/ros2_ws2/build/bringup_robot': CMAKE_PREFIX_PATH=${CMAKE_PREFIX_PATH}:/home/charansc/ros2_ws2/install/a_learn:/home/charansc/cognipilot/cranium/install/b3rb_ros_aim_india:/home/charansc/cognipilot/cranium/src/NXP_AIM_INDIA_2025/install/b3rb_ros_aim_india:/home/charansc/install/b3rb_ros_aim_india:/opt/ros/humble /usr/bin/cmake --build /home/charansc/ros2_ws2/build/bringup_robot -- -j16 -l16
[0.394s] Invoked command in '/home/charansc/ros2_ws2/build/bringup_robot' returned '0': CMAKE_PREFIX_PATH=${CMAKE_PREFIX_PATH}:/home/charansc/ros2_ws2/install/a_learn:/home/charansc/cognipilot/cranium/install/b3rb_ros_aim_india:/home/charansc/cognipilot/cranium/src/NXP_AIM_INDIA_2025/install/b3rb_ros_aim_india:/home/charansc/install/b3rb_ros_aim_india:/opt/ros/humble /usr/bin/cmake --build /home/charansc/ros2_ws2/build/bringup_robot -- -j16 -l16
[0.403s] Invoking command in '/home/charansc/ros2_ws2/build/bringup_robot': CMAKE_PREFIX_PATH=${CMAKE_PREFIX_PATH}:/home/charansc/ros2_ws2/install/a_learn:/home/charansc/cognipilot/cranium/install/b3rb_ros_aim_india:/home/charansc/cognipilot/cranium/src/NXP_AIM_INDIA_2025/install/b3rb_ros_aim_india:/home/charansc/install/b3rb_ros_aim_india:/opt/ros/humble /usr/bin/cmake --install /home/charansc/ros2_ws2/build/bringup_robot
[0.410s] -- Install configuration: ""
[0.411s] -- Execute custom install script
[0.411s] -- Up-to-date symlink: /home/charansc/ros2_ws2/install/bringup_robot/share/bringup_robot/launch/sample.launch.py
[0.411s] -- Up-to-date symlink: /home/charansc/ros2_ws2/install/bringup_robot/share/ament_index/resource_index/package_run_dependencies/bringup_robot
[0.411s] -- Up-to-date symlink: /home/charansc/ros2_ws2/install/bringup_robot/share/ament_index/resource_index/parent_prefix_path/bringup_robot
[0.411s] -- Up-to-date symlink: /home/charansc/ros2_ws2/install/bringup_robot/share/bringup_robot/environment/ament_prefix_path.sh
[0.412s] -- Up-to-date symlink: /home/charansc/ros2_ws2/install/bringup_robot/share/bringup_robot/environment/ament_prefix_path.dsv
[0.412s] -- Up-to-date symlink: /home/charansc/ros2_ws2/install/bringup_robot/share/bringup_robot/environment/path.sh
[0.412s] -- Up-to-date symlink: /home/charansc/ros2_ws2/install/bringup_robot/share/bringup_robot/environment/path.dsv
[0.412s] -- Up-to-date symlink: /home/charansc/ros2_ws2/install/bringup_robot/share/bringup_robot/local_setup.bash
[0.412s] -- Up-to-date symlink: /home/charansc/ros2_ws2/install/bringup_robot/share/bringup_robot/local_setup.sh
[0.412s] -- Up-to-date symlink: /home/charansc/ros2_ws2/install/bringup_robot/share/bringup_robot/local_setup.zsh
[0.412s] -- Up-to-date symlink: /home/charansc/ros2_ws2/install/bringup_robot/share/bringup_robot/local_setup.dsv
[0.412s] -- Symlinking: /home/charansc/ros2_ws2/install/bringup_robot/share/bringup_robot/package.dsv
[0.420s] -- Up-to-date symlink: /home/charansc/ros2_ws2/install/bringup_robot/share/ament_index/resource_index/packages/bringup_robot
[0.420s] -- Up-to-date symlink: /home/charansc/ros2_ws2/install/bringup_robot/share/bringup_robot/cmake/bringup_robotConfig.cmake
[0.420s] -- Up-to-date symlink: /home/charansc/ros2_ws2/install/bringup_robot/share/bringup_robot/cmake/bringup_robotConfig-version.cmake
[0.421s] -- Up-to-date symlink: /home/charansc/ros2_ws2/install/bringup_robot/share/bringup_robot/package.xml
[0.423s] Invoked command in '/home/charansc/ros2_ws2/build/bringup_robot' returned '0': CMAKE_PREFIX_PATH=${CMAKE_PREFIX_PATH}:/home/charansc/ros2_ws2/install/a_learn:/home/charansc/cognipilot/cranium/install/b3rb_ros_aim_india:/home/charansc/cognipilot/cranium/src/NXP_AIM_INDIA_2025/install/b3rb_ros_aim_india:/home/charansc/install/b3rb_ros_aim_india:/opt/ros/humble /usr/bin/cmake --install /home/charansc/ros2_ws2/build/bringup_robot
