[0.153s] DEBUG:colcon:Command line arguments: ['/usr/bin/colcon', 'build']
[0.153s] DEBUG:colcon:Parsed command line arguments: Namespace(log_base=None, log_level=None, verb_name='build', build_base='build', install_base='install', merge_install=False, symlink_install=False, test_result_base=None, continue_on_error=False, executor='parallel', parallel_workers=16, event_handlers=None, ignore_user_meta=False, metas=['./colcon.meta'], base_paths=['.'], packages_ignore=None, packages_ignore_regex=None, paths=None, packages_up_to=None, packages_up_to_regex=None, packages_above=None, packages_above_and_dependencies=None, packages_above_depth=None, packages_select_by_dep=None, packages_skip_by_dep=None, packages_skip_up_to=None, packages_select_build_failed=False, packages_skip_build_finished=False, packages_select_test_failures=False, packages_skip_test_passed=False, packages_select=None, packages_skip=None, packages_select_regex=None, packages_skip_regex=None, packages_start=None, packages_end=None, cmake_args=None, cmake_target=None, cmake_target_skip_unavailable=False, cmake_clean_cache=False, cmake_clean_first=False, cmake_force_configure=False, ament_cmake_args=None, catkin_cmake_args=None, catkin_skip_building_tests=False, verb_parser=<colcon_defaults.argument_parser.defaults.DefaultArgumentsDecorator object at 0x7be89b9658a0>, verb_extension=<colcon_core.verb.build.BuildVerb object at 0x7be89b9652a0>, main=<bound method BuildVerb.main of <colcon_core.verb.build.BuildVerb object at 0x7be89b9652a0>>)
[0.344s] Level 1:colcon.colcon_core.package_discovery:discover_packages(colcon_meta) check parameters
[0.344s] Level 1:colcon.colcon_core.package_discovery:discover_packages(recursive) check parameters
[0.344s] Level 1:colcon.colcon_core.package_discovery:discover_packages(ignore) check parameters
[0.344s] Level 1:colcon.colcon_core.package_discovery:discover_packages(path) check parameters
[0.344s] Level 1:colcon.colcon_core.package_discovery:discover_packages(colcon_meta) discover
[0.344s] Level 1:colcon.colcon_core.package_discovery:discover_packages(recursive) discover
[0.344s] INFO:colcon.colcon_core.package_discovery:Crawling recursively for packages in '/home/charansc/ros2_ws2'
[0.344s] Level 1:colcon.colcon_core.package_identification:_identify(.) by extensions ['ignore', 'ignore_ament_install']
[0.344s] Level 1:colcon.colcon_core.package_identification:_identify(.) by extension 'ignore'
[0.344s] Level 1:colcon.colcon_core.package_identification:_identify(.) by extension 'ignore_ament_install'
[0.344s] Level 1:colcon.colcon_core.package_identification:_identify(.) by extensions ['colcon_pkg']
[0.344s] Level 1:colcon.colcon_core.package_identification:_identify(.) by extension 'colcon_pkg'
[0.344s] Level 1:colcon.colcon_core.package_identification:_identify(.) by extensions ['colcon_meta']
[0.344s] Level 1:colcon.colcon_core.package_identification:_identify(.) by extension 'colcon_meta'
[0.344s] Level 1:colcon.colcon_core.package_identification:_identify(.) by extensions ['ros']
[0.344s] Level 1:colcon.colcon_core.package_identification:_identify(.) by extension 'ros'
[0.353s] Level 1:colcon.colcon_core.package_identification:_identify(.) by extensions ['cmake', 'python']
[0.353s] Level 1:colcon.colcon_core.package_identification:_identify(.) by extension 'cmake'
[0.353s] Level 1:colcon.colcon_core.package_identification:_identify(.) by extension 'python'
[0.353s] Level 1:colcon.colcon_core.package_identification:_identify(.) by extensions ['python_setup_py']
[0.353s] Level 1:colcon.colcon_core.package_identification:_identify(.) by extension 'python_setup_py'
[0.353s] Level 1:colcon.colcon_core.package_identification:_identify(build) by extensions ['ignore', 'ignore_ament_install']
[0.353s] Level 1:colcon.colcon_core.package_identification:_identify(build) by extension 'ignore'
[0.353s] Level 1:colcon.colcon_core.package_identification:_identify(build) ignored
[0.353s] Level 1:colcon.colcon_core.package_identification:_identify(install) by extensions ['ignore', 'ignore_ament_install']
[0.353s] Level 1:colcon.colcon_core.package_identification:_identify(install) by extension 'ignore'
[0.353s] Level 1:colcon.colcon_core.package_identification:_identify(install) ignored
[0.353s] Level 1:colcon.colcon_core.package_identification:_identify(log) by extensions ['ignore', 'ignore_ament_install']
[0.353s] Level 1:colcon.colcon_core.package_identification:_identify(log) by extension 'ignore'
[0.353s] Level 1:colcon.colcon_core.package_identification:_identify(log) ignored
[0.353s] Level 1:colcon.colcon_core.package_identification:_identify(src) by extensions ['ignore', 'ignore_ament_install']
[0.353s] Level 1:colcon.colcon_core.package_identification:_identify(src) by extension 'ignore'
[0.353s] Level 1:colcon.colcon_core.package_identification:_identify(src) by extension 'ignore_ament_install'
[0.353s] Level 1:colcon.colcon_core.package_identification:_identify(src) by extensions ['colcon_pkg']
[0.353s] Level 1:colcon.colcon_core.package_identification:_identify(src) by extension 'colcon_pkg'
[0.353s] Level 1:colcon.colcon_core.package_identification:_identify(src) by extensions ['colcon_meta']
[0.353s] Level 1:colcon.colcon_core.package_identification:_identify(src) by extension 'colcon_meta'
[0.353s] Level 1:colcon.colcon_core.package_identification:_identify(src) by extensions ['ros']
[0.353s] Level 1:colcon.colcon_core.package_identification:_identify(src) by extension 'ros'
[0.353s] Level 1:colcon.colcon_core.package_identification:_identify(src) by extensions ['cmake', 'python']
[0.354s] Level 1:colcon.colcon_core.package_identification:_identify(src) by extension 'cmake'
[0.354s] Level 1:colcon.colcon_core.package_identification:_identify(src) by extension 'python'
[0.354s] Level 1:colcon.colcon_core.package_identification:_identify(src) by extensions ['python_setup_py']
[0.354s] Level 1:colcon.colcon_core.package_identification:_identify(src) by extension 'python_setup_py'
[0.354s] Level 1:colcon.colcon_core.package_identification:_identify(src/a_learn) by extensions ['ignore', 'ignore_ament_install']
[0.354s] Level 1:colcon.colcon_core.package_identification:_identify(src/a_learn) by extension 'ignore'
[0.354s] Level 1:colcon.colcon_core.package_identification:_identify(src/a_learn) by extension 'ignore_ament_install'
[0.354s] Level 1:colcon.colcon_core.package_identification:_identify(src/a_learn) by extensions ['colcon_pkg']
[0.354s] Level 1:colcon.colcon_core.package_identification:_identify(src/a_learn) by extension 'colcon_pkg'
[0.354s] Level 1:colcon.colcon_core.package_identification:_identify(src/a_learn) by extensions ['colcon_meta']
[0.354s] Level 1:colcon.colcon_core.package_identification:_identify(src/a_learn) by extension 'colcon_meta'
[0.354s] Level 1:colcon.colcon_core.package_identification:_identify(src/a_learn) by extensions ['ros']
[0.354s] Level 1:colcon.colcon_core.package_identification:_identify(src/a_learn) by extension 'ros'
[0.356s] DEBUG:colcon.colcon_core.package_identification:Package 'src/a_learn' with type 'ros.ament_python' and name 'a_learn'
[0.356s] Level 1:colcon.colcon_core.package_identification:_identify(src/bringup_robot) by extensions ['ignore', 'ignore_ament_install']
[0.356s] Level 1:colcon.colcon_core.package_identification:_identify(src/bringup_robot) by extension 'ignore'
[0.357s] Level 1:colcon.colcon_core.package_identification:_identify(src/bringup_robot) by extension 'ignore_ament_install'
[0.357s] Level 1:colcon.colcon_core.package_identification:_identify(src/bringup_robot) by extensions ['colcon_pkg']
[0.357s] Level 1:colcon.colcon_core.package_identification:_identify(src/bringup_robot) by extension 'colcon_pkg'
[0.357s] Level 1:colcon.colcon_core.package_identification:_identify(src/bringup_robot) by extensions ['colcon_meta']
[0.357s] Level 1:colcon.colcon_core.package_identification:_identify(src/bringup_robot) by extension 'colcon_meta'
[0.357s] Level 1:colcon.colcon_core.package_identification:_identify(src/bringup_robot) by extensions ['ros']
[0.357s] Level 1:colcon.colcon_core.package_identification:_identify(src/bringup_robot) by extension 'ros'
[0.357s] DEBUG:colcon.colcon_core.package_identification:Package 'src/bringup_robot' with type 'ros.ament_cmake' and name 'bringup_robot'
[0.357s] Level 1:colcon.colcon_core.package_identification:_identify(src/robot_description) by extensions ['ignore', 'ignore_ament_install']
[0.357s] Level 1:colcon.colcon_core.package_identification:_identify(src/robot_description) by extension 'ignore'
[0.357s] Level 1:colcon.colcon_core.package_identification:_identify(src/robot_description) by extension 'ignore_ament_install'
[0.357s] Level 1:colcon.colcon_core.package_identification:_identify(src/robot_description) by extensions ['colcon_pkg']
[0.357s] Level 1:colcon.colcon_core.package_identification:_identify(src/robot_description) by extension 'colcon_pkg'
[0.357s] Level 1:colcon.colcon_core.package_identification:_identify(src/robot_description) by extensions ['colcon_meta']
[0.357s] Level 1:colcon.colcon_core.package_identification:_identify(src/robot_description) by extension 'colcon_meta'
[0.357s] Level 1:colcon.colcon_core.package_identification:_identify(src/robot_description) by extensions ['ros']
[0.357s] Level 1:colcon.colcon_core.package_identification:_identify(src/robot_description) by extension 'ros'
[0.358s] DEBUG:colcon.colcon_core.package_identification:Package 'src/robot_description' with type 'ros.ament_cmake' and name 'robot_description'
[0.358s] Level 1:colcon.colcon_core.package_discovery:discover_packages(recursive) using defaults
[0.358s] Level 1:colcon.colcon_core.package_discovery:discover_packages(ignore) discover
[0.358s] Level 1:colcon.colcon_core.package_discovery:discover_packages(ignore) using defaults
[0.358s] Level 1:colcon.colcon_core.package_discovery:discover_packages(path) discover
[0.358s] Level 1:colcon.colcon_core.package_discovery:discover_packages(path) using defaults
[0.387s] Level 5:colcon.colcon_core.verb:set package 'a_learn' build argument 'cmake_args' from command line to 'None'
[0.387s] Level 5:colcon.colcon_core.verb:set package 'a_learn' build argument 'cmake_target' from command line to 'None'
[0.387s] Level 5:colcon.colcon_core.verb:set package 'a_learn' build argument 'cmake_target_skip_unavailable' from command line to 'False'
[0.387s] Level 5:colcon.colcon_core.verb:set package 'a_learn' build argument 'cmake_clean_cache' from command line to 'False'
[0.387s] Level 5:colcon.colcon_core.verb:set package 'a_learn' build argument 'cmake_clean_first' from command line to 'False'
[0.387s] Level 5:colcon.colcon_core.verb:set package 'a_learn' build argument 'cmake_force_configure' from command line to 'False'
[0.387s] Level 5:colcon.colcon_core.verb:set package 'a_learn' build argument 'ament_cmake_args' from command line to 'None'
[0.387s] Level 5:colcon.colcon_core.verb:set package 'a_learn' build argument 'catkin_cmake_args' from command line to 'None'
[0.387s] Level 5:colcon.colcon_core.verb:set package 'a_learn' build argument 'catkin_skip_building_tests' from command line to 'False'
[0.387s] DEBUG:colcon.colcon_core.verb:Building package 'a_learn' with the following arguments: {'ament_cmake_args': None, 'build_base': '/home/charansc/ros2_ws2/build/a_learn', 'catkin_cmake_args': None, 'catkin_skip_building_tests': False, 'cmake_args': None, 'cmake_clean_cache': False, 'cmake_clean_first': False, 'cmake_force_configure': False, 'cmake_target': None, 'cmake_target_skip_unavailable': False, 'install_base': '/home/charansc/ros2_ws2/install/a_learn', 'merge_install': False, 'path': '/home/charansc/ros2_ws2/src/a_learn', 'symlink_install': False, 'test_result_base': None}
[0.387s] Level 5:colcon.colcon_core.verb:set package 'bringup_robot' build argument 'cmake_args' from command line to 'None'
[0.387s] Level 5:colcon.colcon_core.verb:set package 'bringup_robot' build argument 'cmake_target' from command line to 'None'
[0.387s] Level 5:colcon.colcon_core.verb:set package 'bringup_robot' build argument 'cmake_target_skip_unavailable' from command line to 'False'
[0.387s] Level 5:colcon.colcon_core.verb:set package 'bringup_robot' build argument 'cmake_clean_cache' from command line to 'False'
[0.387s] Level 5:colcon.colcon_core.verb:set package 'bringup_robot' build argument 'cmake_clean_first' from command line to 'False'
[0.387s] Level 5:colcon.colcon_core.verb:set package 'bringup_robot' build argument 'cmake_force_configure' from command line to 'False'
[0.387s] Level 5:colcon.colcon_core.verb:set package 'bringup_robot' build argument 'ament_cmake_args' from command line to 'None'
[0.387s] Level 5:colcon.colcon_core.verb:set package 'bringup_robot' build argument 'catkin_cmake_args' from command line to 'None'
[0.387s] Level 5:colcon.colcon_core.verb:set package 'bringup_robot' build argument 'catkin_skip_building_tests' from command line to 'False'
[0.387s] DEBUG:colcon.colcon_core.verb:Building package 'bringup_robot' with the following arguments: {'ament_cmake_args': None, 'build_base': '/home/charansc/ros2_ws2/build/bringup_robot', 'catkin_cmake_args': None, 'catkin_skip_building_tests': False, 'cmake_args': None, 'cmake_clean_cache': False, 'cmake_clean_first': False, 'cmake_force_configure': False, 'cmake_target': None, 'cmake_target_skip_unavailable': False, 'install_base': '/home/charansc/ros2_ws2/install/bringup_robot', 'merge_install': False, 'path': '/home/charansc/ros2_ws2/src/bringup_robot', 'symlink_install': False, 'test_result_base': None}
[0.388s] Level 5:colcon.colcon_core.verb:set package 'robot_description' build argument 'cmake_args' from command line to 'None'
[0.388s] Level 5:colcon.colcon_core.verb:set package 'robot_description' build argument 'cmake_target' from command line to 'None'
[0.388s] Level 5:colcon.colcon_core.verb:set package 'robot_description' build argument 'cmake_target_skip_unavailable' from command line to 'False'
[0.388s] Level 5:colcon.colcon_core.verb:set package 'robot_description' build argument 'cmake_clean_cache' from command line to 'False'
[0.388s] Level 5:colcon.colcon_core.verb:set package 'robot_description' build argument 'cmake_clean_first' from command line to 'False'
[0.388s] Level 5:colcon.colcon_core.verb:set package 'robot_description' build argument 'cmake_force_configure' from command line to 'False'
[0.388s] Level 5:colcon.colcon_core.verb:set package 'robot_description' build argument 'ament_cmake_args' from command line to 'None'
[0.388s] Level 5:colcon.colcon_core.verb:set package 'robot_description' build argument 'catkin_cmake_args' from command line to 'None'
[0.388s] Level 5:colcon.colcon_core.verb:set package 'robot_description' build argument 'catkin_skip_building_tests' from command line to 'False'
[0.388s] DEBUG:colcon.colcon_core.verb:Building package 'robot_description' with the following arguments: {'ament_cmake_args': None, 'build_base': '/home/charansc/ros2_ws2/build/robot_description', 'catkin_cmake_args': None, 'catkin_skip_building_tests': False, 'cmake_args': None, 'cmake_clean_cache': False, 'cmake_clean_first': False, 'cmake_force_configure': False, 'cmake_target': None, 'cmake_target_skip_unavailable': False, 'install_base': '/home/charansc/ros2_ws2/install/robot_description', 'merge_install': False, 'path': '/home/charansc/ros2_ws2/src/robot_description', 'symlink_install': False, 'test_result_base': None}
[0.388s] INFO:colcon.colcon_core.executor:Executing jobs using 'parallel' executor
[0.388s] DEBUG:colcon.colcon_parallel_executor.executor.parallel:run_until_complete
[0.389s] INFO:colcon.colcon_ros.task.ament_python.build:Building ROS package in '/home/charansc/ros2_ws2/src/a_learn' with build type 'ament_python'
[0.389s] Level 1:colcon.colcon_core.shell:create_environment_hook('a_learn', 'ament_prefix_path')
[0.392s] INFO:colcon.colcon_core.plugin_system:Skipping extension 'colcon_core.shell.bat': Not used on non-Windows systems
[0.392s] INFO:colcon.colcon_core.shell:Creating environment hook '/home/charansc/ros2_ws2/install/a_learn/share/a_learn/hook/ament_prefix_path.ps1'
[0.393s] INFO:colcon.colcon_core.shell:Creating environment descriptor '/home/charansc/ros2_ws2/install/a_learn/share/a_learn/hook/ament_prefix_path.dsv'
[0.394s] INFO:colcon.colcon_core.shell:Creating environment hook '/home/charansc/ros2_ws2/install/a_learn/share/a_learn/hook/ament_prefix_path.sh'
[0.395s] INFO:colcon.colcon_core.shell:Skip shell extension 'powershell' for command environment: Not usable outside of PowerShell
[0.395s] DEBUG:colcon.colcon_core.shell:Skip shell extension 'dsv' for command environment
[0.403s] INFO:colcon.colcon_ros.task.ament_cmake.build:Building ROS package in '/home/charansc/ros2_ws2/src/bringup_robot' with build type 'ament_cmake'
[0.403s] INFO:colcon.colcon_cmake.task.cmake.build:Building CMake package in '/home/charansc/ros2_ws2/src/bringup_robot'
[0.403s] INFO:colcon.colcon_core.shell:Skip shell extension 'powershell' for command environment: Not usable outside of PowerShell
[0.403s] DEBUG:colcon.colcon_core.shell:Skip shell extension 'dsv' for command environment
[0.407s] INFO:colcon.colcon_ros.task.ament_cmake.build:Building ROS package in '/home/charansc/ros2_ws2/src/robot_description' with build type 'ament_cmake'
[0.407s] INFO:colcon.colcon_cmake.task.cmake.build:Building CMake package in '/home/charansc/ros2_ws2/src/robot_description'
[0.408s] INFO:colcon.colcon_core.shell:Skip shell extension 'powershell' for command environment: Not usable outside of PowerShell
[0.408s] DEBUG:colcon.colcon_core.shell:Skip shell extension 'dsv' for command environment
[0.585s] INFO:colcon.colcon_core.task.python.build:Building Python package in '/home/charansc/ros2_ws2/src/a_learn'
[0.585s] INFO:colcon.colcon_core.shell:Skip shell extension 'powershell' for command environment: Not usable outside of PowerShell
[0.585s] DEBUG:colcon.colcon_core.shell:Skip shell extension 'dsv' for command environment
[0.593s] DEBUG:colcon.colcon_core.event_handler.log_command:Invoking command in '/home/charansc/ros2_ws2/build/bringup_robot': CMAKE_PREFIX_PATH=${CMAKE_PREFIX_PATH}:/home/charansc/ros2_ws2/install/a_learn:/home/charansc/cognipilot/cranium/install/b3rb_ros_aim_india:/home/charansc/cognipilot/cranium/src/NXP_AIM_INDIA_2025/install/b3rb_ros_aim_india:/home/charansc/install/b3rb_ros_aim_india:/opt/ros/humble /usr/bin/cmake /home/charansc/ros2_ws2/src/bringup_robot -DCMAKE_INSTALL_PREFIX=/home/charansc/ros2_ws2/install/bringup_robot
[0.598s] DEBUG:colcon.colcon_core.event_handler.log_command:Invoking command in '/home/charansc/ros2_ws2/build/robot_description': CMAKE_PREFIX_PATH=${CMAKE_PREFIX_PATH}:/home/charansc/ros2_ws2/install/a_learn:/home/charansc/cognipilot/cranium/install/b3rb_ros_aim_india:/home/charansc/cognipilot/cranium/src/NXP_AIM_INDIA_2025/install/b3rb_ros_aim_india:/home/charansc/install/b3rb_ros_aim_india:/opt/ros/humble /usr/bin/cmake /home/charansc/ros2_ws2/src/robot_description -DCMAKE_INSTALL_PREFIX=/home/charansc/ros2_ws2/install/robot_description
[0.846s] DEBUG:colcon.colcon_core.event_handler.log_command:Invoked command in '/home/charansc/ros2_ws2/build/bringup_robot' returned '0': CMAKE_PREFIX_PATH=${CMAKE_PREFIX_PATH}:/home/charansc/ros2_ws2/install/a_learn:/home/charansc/cognipilot/cranium/install/b3rb_ros_aim_india:/home/charansc/cognipilot/cranium/src/NXP_AIM_INDIA_2025/install/b3rb_ros_aim_india:/home/charansc/install/b3rb_ros_aim_india:/opt/ros/humble /usr/bin/cmake /home/charansc/ros2_ws2/src/bringup_robot -DCMAKE_INSTALL_PREFIX=/home/charansc/ros2_ws2/install/bringup_robot
[0.848s] DEBUG:colcon.colcon_core.event_handler.log_command:Invoking command in '/home/charansc/ros2_ws2/build/bringup_robot': CMAKE_PREFIX_PATH=${CMAKE_PREFIX_PATH}:/home/charansc/ros2_ws2/install/a_learn:/home/charansc/cognipilot/cranium/install/b3rb_ros_aim_india:/home/charansc/cognipilot/cranium/src/NXP_AIM_INDIA_2025/install/b3rb_ros_aim_india:/home/charansc/install/b3rb_ros_aim_india:/opt/ros/humble /usr/bin/cmake --build /home/charansc/ros2_ws2/build/bringup_robot -- -j16 -l16
[0.885s] DEBUG:colcon.colcon_core.event_handler.log_command:Invoked command in '/home/charansc/ros2_ws2/build/bringup_robot' returned '0': CMAKE_PREFIX_PATH=${CMAKE_PREFIX_PATH}:/home/charansc/ros2_ws2/install/a_learn:/home/charansc/cognipilot/cranium/install/b3rb_ros_aim_india:/home/charansc/cognipilot/cranium/src/NXP_AIM_INDIA_2025/install/b3rb_ros_aim_india:/home/charansc/install/b3rb_ros_aim_india:/opt/ros/humble /usr/bin/cmake --build /home/charansc/ros2_ws2/build/bringup_robot -- -j16 -l16
[0.900s] DEBUG:colcon.colcon_core.event_handler.log_command:Invoking command in '/home/charansc/ros2_ws2/build/bringup_robot': CMAKE_PREFIX_PATH=${CMAKE_PREFIX_PATH}:/home/charansc/ros2_ws2/install/a_learn:/home/charansc/cognipilot/cranium/install/b3rb_ros_aim_india:/home/charansc/cognipilot/cranium/src/NXP_AIM_INDIA_2025/install/b3rb_ros_aim_india:/home/charansc/install/b3rb_ros_aim_india:/opt/ros/humble /usr/bin/cmake --install /home/charansc/ros2_ws2/build/bringup_robot
[0.922s] Level 1:colcon.colcon_core.environment:create_environment_scripts_only(bringup_robot)
[0.922s] DEBUG:colcon.colcon_core.event_handler.log_command:Invoked command in '/home/charansc/ros2_ws2/build/bringup_robot' returned '0': CMAKE_PREFIX_PATH=${CMAKE_PREFIX_PATH}:/home/charansc/ros2_ws2/install/a_learn:/home/charansc/cognipilot/cranium/install/b3rb_ros_aim_india:/home/charansc/cognipilot/cranium/src/NXP_AIM_INDIA_2025/install/b3rb_ros_aim_india:/home/charansc/install/b3rb_ros_aim_india:/opt/ros/humble /usr/bin/cmake --install /home/charansc/ros2_ws2/build/bringup_robot
[0.929s] Level 1:colcon.colcon_core.environment:checking '/home/charansc/ros2_ws2/install/bringup_robot' for CMake module files
[0.929s] Level 1:colcon.colcon_core.environment:checking '/home/charansc/ros2_ws2/install/bringup_robot' for CMake config files
[0.930s] Level 1:colcon.colcon_core.shell:create_environment_hook('bringup_robot', 'cmake_prefix_path')
[0.930s] INFO:colcon.colcon_core.shell:Creating environment hook '/home/charansc/ros2_ws2/install/bringup_robot/share/bringup_robot/hook/cmake_prefix_path.ps1'
[0.931s] INFO:colcon.colcon_core.shell:Creating environment descriptor '/home/charansc/ros2_ws2/install/bringup_robot/share/bringup_robot/hook/cmake_prefix_path.dsv'
[0.931s] INFO:colcon.colcon_core.shell:Creating environment hook '/home/charansc/ros2_ws2/install/bringup_robot/share/bringup_robot/hook/cmake_prefix_path.sh'
[0.931s] Level 1:colcon.colcon_core.environment:checking '/home/charansc/ros2_ws2/install/bringup_robot/bin'
[0.931s] Level 1:colcon.colcon_core.environment:checking '/home/charansc/ros2_ws2/install/bringup_robot/lib/pkgconfig/bringup_robot.pc'
[0.932s] Level 1:colcon.colcon_core.environment:checking '/home/charansc/ros2_ws2/install/bringup_robot/lib/python3.10/site-packages'
[0.932s] Level 1:colcon.colcon_core.environment:checking '/home/charansc/ros2_ws2/install/bringup_robot/bin'
[0.932s] INFO:colcon.colcon_core.shell:Creating package script '/home/charansc/ros2_ws2/install/bringup_robot/share/bringup_robot/package.ps1'
[0.933s] INFO:colcon.colcon_core.shell:Creating package descriptor '/home/charansc/ros2_ws2/install/bringup_robot/share/bringup_robot/package.dsv'
[0.933s] INFO:colcon.colcon_core.shell:Creating package script '/home/charansc/ros2_ws2/install/bringup_robot/share/bringup_robot/package.sh'
[0.934s] INFO:colcon.colcon_core.shell:Creating package script '/home/charansc/ros2_ws2/install/bringup_robot/share/bringup_robot/package.bash'
[0.935s] INFO:colcon.colcon_core.shell:Creating package script '/home/charansc/ros2_ws2/install/bringup_robot/share/bringup_robot/package.zsh'
[0.936s] Level 1:colcon.colcon_core.environment:create_file_with_runtime_dependencies(/home/charansc/ros2_ws2/install/bringup_robot/share/colcon-core/packages/bringup_robot)
[0.937s] Level 1:colcon.colcon_core.environment:create_environment_scripts_only(bringup_robot)
[0.937s] Level 1:colcon.colcon_core.environment:checking '/home/charansc/ros2_ws2/install/bringup_robot' for CMake module files
[0.937s] Level 1:colcon.colcon_core.environment:checking '/home/charansc/ros2_ws2/install/bringup_robot' for CMake config files
[0.937s] Level 1:colcon.colcon_core.shell:create_environment_hook('bringup_robot', 'cmake_prefix_path')
[0.937s] INFO:colcon.colcon_core.shell:Creating environment hook '/home/charansc/ros2_ws2/install/bringup_robot/share/bringup_robot/hook/cmake_prefix_path.ps1'
[0.938s] INFO:colcon.colcon_core.shell:Creating environment descriptor '/home/charansc/ros2_ws2/install/bringup_robot/share/bringup_robot/hook/cmake_prefix_path.dsv'
[0.938s] INFO:colcon.colcon_core.shell:Creating environment hook '/home/charansc/ros2_ws2/install/bringup_robot/share/bringup_robot/hook/cmake_prefix_path.sh'
[0.938s] Level 1:colcon.colcon_core.environment:checking '/home/charansc/ros2_ws2/install/bringup_robot/bin'
[0.938s] Level 1:colcon.colcon_core.environment:checking '/home/charansc/ros2_ws2/install/bringup_robot/lib/pkgconfig/bringup_robot.pc'
[0.938s] Level 1:colcon.colcon_core.environment:checking '/home/charansc/ros2_ws2/install/bringup_robot/lib/python3.10/site-packages'
[0.939s] Level 1:colcon.colcon_core.environment:checking '/home/charansc/ros2_ws2/install/bringup_robot/bin'
[0.939s] INFO:colcon.colcon_core.shell:Creating package script '/home/charansc/ros2_ws2/install/bringup_robot/share/bringup_robot/package.ps1'
[0.939s] INFO:colcon.colcon_core.shell:Creating package descriptor '/home/charansc/ros2_ws2/install/bringup_robot/share/bringup_robot/package.dsv'
[0.940s] INFO:colcon.colcon_core.shell:Creating package script '/home/charansc/ros2_ws2/install/bringup_robot/share/bringup_robot/package.sh'
[0.940s] INFO:colcon.colcon_core.shell:Creating package script '/home/charansc/ros2_ws2/install/bringup_robot/share/bringup_robot/package.bash'
[0.941s] INFO:colcon.colcon_core.shell:Creating package script '/home/charansc/ros2_ws2/install/bringup_robot/share/bringup_robot/package.zsh'
[0.941s] Level 1:colcon.colcon_core.environment:create_file_with_runtime_dependencies(/home/charansc/ros2_ws2/install/bringup_robot/share/colcon-core/packages/bringup_robot)
[0.983s] DEBUG:colcon.colcon_core.event_handler.log_command:Invoking command in '/home/charansc/ros2_ws2/build/a_learn': PYTHONPATH=/home/charansc/ros2_ws2/build/a_learn/prefix_override:/usr/lib/python3/dist-packages/colcon_core/task/python/colcon_distutils_commands:/home/charansc/ros2_ws2/install/a_learn/lib/python3.10/site-packages:${PYTHONPATH} /usr/bin/python3 -W ignore:setup.py install is deprecated -W ignore:easy_install command is deprecated setup.py develop --uninstall --editable --build-directory /home/charansc/ros2_ws2/build/a_learn/build
[1.265s] DEBUG:colcon.colcon_core.event_handler.log_command:Invoked command in '/home/charansc/ros2_ws2/build/robot_description' returned '0': CMAKE_PREFIX_PATH=${CMAKE_PREFIX_PATH}:/home/charansc/ros2_ws2/install/a_learn:/home/charansc/cognipilot/cranium/install/b3rb_ros_aim_india:/home/charansc/cognipilot/cranium/src/NXP_AIM_INDIA_2025/install/b3rb_ros_aim_india:/home/charansc/install/b3rb_ros_aim_india:/opt/ros/humble /usr/bin/cmake /home/charansc/ros2_ws2/src/robot_description -DCMAKE_INSTALL_PREFIX=/home/charansc/ros2_ws2/install/robot_description
[1.267s] DEBUG:colcon.colcon_core.event_handler.log_command:Invoking command in '/home/charansc/ros2_ws2/build/robot_description': CMAKE_PREFIX_PATH=${CMAKE_PREFIX_PATH}:/home/charansc/ros2_ws2/install/a_learn:/home/charansc/cognipilot/cranium/install/b3rb_ros_aim_india:/home/charansc/cognipilot/cranium/src/NXP_AIM_INDIA_2025/install/b3rb_ros_aim_india:/home/charansc/install/b3rb_ros_aim_india:/opt/ros/humble /usr/bin/cmake --build /home/charansc/ros2_ws2/build/robot_description -- -j16 -l16
[1.280s] DEBUG:colcon.colcon_core.event_handler.log_command:Invoked command in '/home/charansc/ros2_ws2/build/a_learn' returned '0': PYTHONPATH=/home/charansc/ros2_ws2/build/a_learn/prefix_override:/usr/lib/python3/dist-packages/colcon_core/task/python/colcon_distutils_commands:/home/charansc/ros2_ws2/install/a_learn/lib/python3.10/site-packages:${PYTHONPATH} /usr/bin/python3 -W ignore:setup.py install is deprecated -W ignore:easy_install command is deprecated setup.py develop --uninstall --editable --build-directory /home/charansc/ros2_ws2/build/a_learn/build
[1.282s] DEBUG:colcon.colcon_core.event_handler.log_command:Invoking command in '/home/charansc/ros2_ws2/src/a_learn': PYTHONPATH=/home/charansc/ros2_ws2/build/a_learn/prefix_override:/usr/lib/python3/dist-packages/colcon_core/task/python/colcon_distutils_commands:/home/charansc/ros2_ws2/install/a_learn/lib/python3.10/site-packages:${PYTHONPATH} /usr/bin/python3 -W ignore:setup.py install is deprecated -W ignore:easy_install command is deprecated setup.py egg_info --egg-base ../../build/a_learn build --build-base /home/charansc/ros2_ws2/build/a_learn/build install --record /home/charansc/ros2_ws2/build/a_learn/install.log --single-version-externally-managed install_data --force
[1.300s] DEBUG:colcon.colcon_core.event_handler.log_command:Invoked command in '/home/charansc/ros2_ws2/build/robot_description' returned '0': CMAKE_PREFIX_PATH=${CMAKE_PREFIX_PATH}:/home/charansc/ros2_ws2/install/a_learn:/home/charansc/cognipilot/cranium/install/b3rb_ros_aim_india:/home/charansc/cognipilot/cranium/src/NXP_AIM_INDIA_2025/install/b3rb_ros_aim_india:/home/charansc/install/b3rb_ros_aim_india:/opt/ros/humble /usr/bin/cmake --build /home/charansc/ros2_ws2/build/robot_description -- -j16 -l16
[1.302s] DEBUG:colcon.colcon_core.event_handler.log_command:Invoking command in '/home/charansc/ros2_ws2/build/robot_description': CMAKE_PREFIX_PATH=${CMAKE_PREFIX_PATH}:/home/charansc/ros2_ws2/install/a_learn:/home/charansc/cognipilot/cranium/install/b3rb_ros_aim_india:/home/charansc/cognipilot/cranium/src/NXP_AIM_INDIA_2025/install/b3rb_ros_aim_india:/home/charansc/install/b3rb_ros_aim_india:/opt/ros/humble /usr/bin/cmake --install /home/charansc/ros2_ws2/build/robot_description
[1.309s] Level 1:colcon.colcon_core.environment:create_environment_scripts_only(robot_description)
[1.310s] Level 1:colcon.colcon_core.environment:checking '/home/charansc/ros2_ws2/install/robot_description' for CMake module files
[1.310s] DEBUG:colcon.colcon_core.event_handler.log_command:Invoked command in '/home/charansc/ros2_ws2/build/robot_description' returned '0': CMAKE_PREFIX_PATH=${CMAKE_PREFIX_PATH}:/home/charansc/ros2_ws2/install/a_learn:/home/charansc/cognipilot/cranium/install/b3rb_ros_aim_india:/home/charansc/cognipilot/cranium/src/NXP_AIM_INDIA_2025/install/b3rb_ros_aim_india:/home/charansc/install/b3rb_ros_aim_india:/opt/ros/humble /usr/bin/cmake --install /home/charansc/ros2_ws2/build/robot_description
[1.310s] Level 1:colcon.colcon_core.environment:checking '/home/charansc/ros2_ws2/install/robot_description' for CMake config files
[1.311s] Level 1:colcon.colcon_core.shell:create_environment_hook('robot_description', 'cmake_prefix_path')
[1.311s] INFO:colcon.colcon_core.shell:Creating environment hook '/home/charansc/ros2_ws2/install/robot_description/share/robot_description/hook/cmake_prefix_path.ps1'
[1.311s] INFO:colcon.colcon_core.shell:Creating environment descriptor '/home/charansc/ros2_ws2/install/robot_description/share/robot_description/hook/cmake_prefix_path.dsv'
[1.312s] INFO:colcon.colcon_core.shell:Creating environment hook '/home/charansc/ros2_ws2/install/robot_description/share/robot_description/hook/cmake_prefix_path.sh'
[1.312s] Level 1:colcon.colcon_core.environment:checking '/home/charansc/ros2_ws2/install/robot_description/bin'
[1.312s] Level 1:colcon.colcon_core.environment:checking '/home/charansc/ros2_ws2/install/robot_description/lib/pkgconfig/robot_description.pc'
[1.312s] Level 1:colcon.colcon_core.environment:checking '/home/charansc/ros2_ws2/install/robot_description/lib/python3.10/site-packages'
[1.313s] Level 1:colcon.colcon_core.environment:checking '/home/charansc/ros2_ws2/install/robot_description/bin'
[1.313s] INFO:colcon.colcon_core.shell:Creating package script '/home/charansc/ros2_ws2/install/robot_description/share/robot_description/package.ps1'
[1.313s] INFO:colcon.colcon_core.shell:Creating package descriptor '/home/charansc/ros2_ws2/install/robot_description/share/robot_description/package.dsv'
[1.313s] INFO:colcon.colcon_core.shell:Creating package script '/home/charansc/ros2_ws2/install/robot_description/share/robot_description/package.sh'
[1.314s] INFO:colcon.colcon_core.shell:Creating package script '/home/charansc/ros2_ws2/install/robot_description/share/robot_description/package.bash'
[1.314s] INFO:colcon.colcon_core.shell:Creating package script '/home/charansc/ros2_ws2/install/robot_description/share/robot_description/package.zsh'
[1.314s] Level 1:colcon.colcon_core.environment:create_file_with_runtime_dependencies(/home/charansc/ros2_ws2/install/robot_description/share/colcon-core/packages/robot_description)
[1.314s] Level 1:colcon.colcon_core.environment:create_environment_scripts_only(robot_description)
[1.315s] Level 1:colcon.colcon_core.environment:checking '/home/charansc/ros2_ws2/install/robot_description' for CMake module files
[1.315s] Level 1:colcon.colcon_core.environment:checking '/home/charansc/ros2_ws2/install/robot_description' for CMake config files
[1.315s] Level 1:colcon.colcon_core.shell:create_environment_hook('robot_description', 'cmake_prefix_path')
[1.315s] INFO:colcon.colcon_core.shell:Creating environment hook '/home/charansc/ros2_ws2/install/robot_description/share/robot_description/hook/cmake_prefix_path.ps1'
[1.316s] INFO:colcon.colcon_core.shell:Creating environment descriptor '/home/charansc/ros2_ws2/install/robot_description/share/robot_description/hook/cmake_prefix_path.dsv'
[1.316s] INFO:colcon.colcon_core.shell:Creating environment hook '/home/charansc/ros2_ws2/install/robot_description/share/robot_description/hook/cmake_prefix_path.sh'
[1.316s] Level 1:colcon.colcon_core.environment:checking '/home/charansc/ros2_ws2/install/robot_description/bin'
[1.316s] Level 1:colcon.colcon_core.environment:checking '/home/charansc/ros2_ws2/install/robot_description/lib/pkgconfig/robot_description.pc'
[1.316s] Level 1:colcon.colcon_core.environment:checking '/home/charansc/ros2_ws2/install/robot_description/lib/python3.10/site-packages'
[1.316s] Level 1:colcon.colcon_core.environment:checking '/home/charansc/ros2_ws2/install/robot_description/bin'
[1.317s] INFO:colcon.colcon_core.shell:Creating package script '/home/charansc/ros2_ws2/install/robot_description/share/robot_description/package.ps1'
[1.317s] INFO:colcon.colcon_core.shell:Creating package descriptor '/home/charansc/ros2_ws2/install/robot_description/share/robot_description/package.dsv'
[1.318s] INFO:colcon.colcon_core.shell:Creating package script '/home/charansc/ros2_ws2/install/robot_description/share/robot_description/package.sh'
[1.318s] INFO:colcon.colcon_core.shell:Creating package script '/home/charansc/ros2_ws2/install/robot_description/share/robot_description/package.bash'
[1.318s] INFO:colcon.colcon_core.shell:Creating package script '/home/charansc/ros2_ws2/install/robot_description/share/robot_description/package.zsh'
[1.318s] Level 1:colcon.colcon_core.environment:create_file_with_runtime_dependencies(/home/charansc/ros2_ws2/install/robot_description/share/colcon-core/packages/robot_description)
[1.482s] Level 1:colcon.colcon_core.environment:checking '/home/charansc/ros2_ws2/install/a_learn' for CMake module files
[1.482s] DEBUG:colcon.colcon_core.event_handler.log_command:Invoked command in '/home/charansc/ros2_ws2/src/a_learn' returned '0': PYTHONPATH=/home/charansc/ros2_ws2/build/a_learn/prefix_override:/usr/lib/python3/dist-packages/colcon_core/task/python/colcon_distutils_commands:/home/charansc/ros2_ws2/install/a_learn/lib/python3.10/site-packages:${PYTHONPATH} /usr/bin/python3 -W ignore:setup.py install is deprecated -W ignore:easy_install command is deprecated setup.py egg_info --egg-base ../../build/a_learn build --build-base /home/charansc/ros2_ws2/build/a_learn/build install --record /home/charansc/ros2_ws2/build/a_learn/install.log --single-version-externally-managed install_data --force
[1.483s] Level 1:colcon.colcon_core.environment:checking '/home/charansc/ros2_ws2/install/a_learn' for CMake config files
[1.483s] Level 1:colcon.colcon_core.environment:checking '/home/charansc/ros2_ws2/install/a_learn/lib'
[1.483s] Level 1:colcon.colcon_core.environment:checking '/home/charansc/ros2_ws2/install/a_learn/bin'
[1.483s] Level 1:colcon.colcon_core.environment:checking '/home/charansc/ros2_ws2/install/a_learn/lib/pkgconfig/a_learn.pc'
[1.484s] Level 1:colcon.colcon_core.environment:checking '/home/charansc/ros2_ws2/install/a_learn/lib/python3.10/site-packages'
[1.484s] Level 1:colcon.colcon_core.shell:create_environment_hook('a_learn', 'pythonpath')
[1.484s] INFO:colcon.colcon_core.shell:Creating environment hook '/home/charansc/ros2_ws2/install/a_learn/share/a_learn/hook/pythonpath.ps1'
[1.484s] INFO:colcon.colcon_core.shell:Creating environment descriptor '/home/charansc/ros2_ws2/install/a_learn/share/a_learn/hook/pythonpath.dsv'
[1.484s] INFO:colcon.colcon_core.shell:Creating environment hook '/home/charansc/ros2_ws2/install/a_learn/share/a_learn/hook/pythonpath.sh'
[1.485s] Level 1:colcon.colcon_core.environment:checking '/home/charansc/ros2_ws2/install/a_learn/bin'
[1.485s] Level 1:colcon.colcon_core.environment:create_environment_scripts_only(a_learn)
[1.485s] INFO:colcon.colcon_core.shell:Creating package script '/home/charansc/ros2_ws2/install/a_learn/share/a_learn/package.ps1'
[1.485s] INFO:colcon.colcon_core.shell:Creating package descriptor '/home/charansc/ros2_ws2/install/a_learn/share/a_learn/package.dsv'
[1.486s] INFO:colcon.colcon_core.shell:Creating package script '/home/charansc/ros2_ws2/install/a_learn/share/a_learn/package.sh'
[1.486s] INFO:colcon.colcon_core.shell:Creating package script '/home/charansc/ros2_ws2/install/a_learn/share/a_learn/package.bash'
[1.486s] INFO:colcon.colcon_core.shell:Creating package script '/home/charansc/ros2_ws2/install/a_learn/share/a_learn/package.zsh'
[1.486s] Level 1:colcon.colcon_core.environment:create_file_with_runtime_dependencies(/home/charansc/ros2_ws2/install/a_learn/share/colcon-core/packages/a_learn)
[1.486s] DEBUG:colcon.colcon_parallel_executor.executor.parallel:closing loop
[1.487s] DEBUG:colcon.colcon_parallel_executor.executor.parallel:loop closed
[1.487s] DEBUG:colcon.colcon_parallel_executor.executor.parallel:run_until_complete finished with '0'
[1.487s] DEBUG:colcon.colcon_core.event_reactor:joining thread
[1.492s] INFO:colcon.colcon_core.plugin_system:Skipping extension 'colcon_notification.desktop_notification.terminal_notifier': Not used on non-Darwin systems
[1.492s] INFO:colcon.colcon_core.plugin_system:Skipping extension 'colcon_notification.desktop_notification.win32': Not used on non-Windows systems
[1.492s] INFO:colcon.colcon_notification.desktop_notification:Sending desktop notification using 'notify2'
[1.507s] DEBUG:colcon.colcon_core.event_reactor:joined thread
[1.507s] INFO:colcon.colcon_core.shell:Creating prefix script '/home/charansc/ros2_ws2/install/local_setup.ps1'
[1.509s] INFO:colcon.colcon_core.shell:Creating prefix util module '/home/charansc/ros2_ws2/install/_local_setup_util_ps1.py'
[1.511s] INFO:colcon.colcon_core.shell:Creating prefix chain script '/home/charansc/ros2_ws2/install/setup.ps1'
[1.515s] INFO:colcon.colcon_core.shell:Creating prefix script '/home/charansc/ros2_ws2/install/local_setup.sh'
[1.517s] INFO:colcon.colcon_core.shell:Creating prefix util module '/home/charansc/ros2_ws2/install/_local_setup_util_sh.py'
[1.518s] INFO:colcon.colcon_core.shell:Creating prefix chain script '/home/charansc/ros2_ws2/install/setup.sh'
[1.523s] INFO:colcon.colcon_core.shell:Creating prefix script '/home/charansc/ros2_ws2/install/local_setup.bash'
[1.524s] INFO:colcon.colcon_core.shell:Creating prefix chain script '/home/charansc/ros2_ws2/install/setup.bash'
[1.529s] INFO:colcon.colcon_core.shell:Creating prefix script '/home/charansc/ros2_ws2/install/local_setup.zsh'
[1.531s] INFO:colcon.colcon_core.shell:Creating prefix chain script '/home/charansc/ros2_ws2/install/setup.zsh'
