[0.180s] Invoking command in '/home/charansc/ros2_ws2/build/robot_description': CMAKE_PREFIX_PATH=${CMAKE_PREFIX_PATH}:/home/charansc/ros2_ws2/install/a_learn:/home/charansc/cognipilot/cranium/install/b3rb_ros_aim_india:/home/charansc/cognipilot/cranium/src/NXP_AIM_INDIA_2025/install/b3rb_ros_aim_india:/home/charansc/install/b3rb_ros_aim_india:/opt/ros/humble /usr/bin/cmake /home/charansc/ros2_ws2/src/robot_description -DAMENT_CMAKE_SYMLINK_INSTALL=1 -DCMAKE_INSTALL_PREFIX=/home/charansc/ros2_ws2/install/robot_description
[0.190s] -- Found ament_cmake: 1.3.11 (/opt/ros/humble/share/ament_cmake/cmake)
[0.291s] -- Override CMake install command with custom implementation using symlinks instead of copying resources
[0.296s] -- Found ament_lint_auto: 0.12.12 (/opt/ros/humble/share/ament_lint_auto/cmake)
[0.349s] -- Added test 'flake8' to check Python code syntax and style conventions
[0.349s] -- Added test 'lint_cmake' to check CMake code style
[0.350s] -- Added test 'pep257' to check Python code against some of the docstring style conventions in PEP 257
[0.350s] -- Added test 'xmllint' to check XML markup files
[0.351s] -- Configuring done
[0.352s] -- Generating done
[0.353s] -- Build files have been written to: /home/charansc/ros2_ws2/build/robot_description
[0.355s] Invoked command in '/home/charansc/ros2_ws2/build/robot_description' returned '0': CMAKE_PREFIX_PATH=${CMAKE_PREFIX_PATH}:/home/charansc/ros2_ws2/install/a_learn:/home/charansc/cognipilot/cranium/install/b3rb_ros_aim_india:/home/charansc/cognipilot/cranium/src/NXP_AIM_INDIA_2025/install/b3rb_ros_aim_india:/home/charansc/install/b3rb_ros_aim_india:/opt/ros/humble /usr/bin/cmake /home/charansc/ros2_ws2/src/robot_description -DAMENT_CMAKE_SYMLINK_INSTALL=1 -DCMAKE_INSTALL_PREFIX=/home/charansc/ros2_ws2/install/robot_description
[0.357s] Invoking command in '/home/charansc/ros2_ws2/build/robot_description': CMAKE_PREFIX_PATH=${CMAKE_PREFIX_PATH}:/home/charansc/ros2_ws2/install/a_learn:/home/charansc/cognipilot/cranium/install/b3rb_ros_aim_india:/home/charansc/cognipilot/cranium/src/NXP_AIM_INDIA_2025/install/b3rb_ros_aim_india:/home/charansc/install/b3rb_ros_aim_india:/opt/ros/humble /usr/bin/cmake --build /home/charansc/ros2_ws2/build/robot_description -- -j16 -l16
[0.394s] Invoked command in '/home/charansc/ros2_ws2/build/robot_description' returned '0': CMAKE_PREFIX_PATH=${CMAKE_PREFIX_PATH}:/home/charansc/ros2_ws2/install/a_learn:/home/charansc/cognipilot/cranium/install/b3rb_ros_aim_india:/home/charansc/cognipilot/cranium/src/NXP_AIM_INDIA_2025/install/b3rb_ros_aim_india:/home/charansc/install/b3rb_ros_aim_india:/opt/ros/humble /usr/bin/cmake --build /home/charansc/ros2_ws2/build/robot_description -- -j16 -l16
[0.402s] Invoking command in '/home/charansc/ros2_ws2/build/robot_description': CMAKE_PREFIX_PATH=${CMAKE_PREFIX_PATH}:/home/charansc/ros2_ws2/install/a_learn:/home/charansc/cognipilot/cranium/install/b3rb_ros_aim_india:/home/charansc/cognipilot/cranium/src/NXP_AIM_INDIA_2025/install/b3rb_ros_aim_india:/home/charansc/install/b3rb_ros_aim_india:/opt/ros/humble /usr/bin/cmake --install /home/charansc/ros2_ws2/build/robot_description
[0.408s] -- Install configuration: ""
[0.409s] -- Execute custom install script
[0.409s] -- Up-to-date symlink: /home/charansc/ros2_ws2/install/robot_description/share/robot_description/urdf/diif_robot.xacro
[0.409s] -- Up-to-date symlink: /home/charansc/ros2_ws2/install/robot_description/share/robot_description/launch/display.launch.py
[0.409s] -- Up-to-date symlink: /home/charansc/ros2_ws2/install/robot_description/share/robot_description/config/rviz_model.rviz
[0.409s] -- Up-to-date symlink: /home/charansc/ros2_ws2/install/robot_description/share/ament_index/resource_index/package_run_dependencies/robot_description
[0.410s] -- Up-to-date symlink: /home/charansc/ros2_ws2/install/robot_description/share/ament_index/resource_index/parent_prefix_path/robot_description
[0.410s] -- Up-to-date symlink: /home/charansc/ros2_ws2/install/robot_description/share/robot_description/environment/ament_prefix_path.sh
[0.410s] -- Up-to-date symlink: /home/charansc/ros2_ws2/install/robot_description/share/robot_description/environment/ament_prefix_path.dsv
[0.410s] -- Up-to-date symlink: /home/charansc/ros2_ws2/install/robot_description/share/robot_description/environment/path.sh
[0.410s] -- Up-to-date symlink: /home/charansc/ros2_ws2/install/robot_description/share/robot_description/environment/path.dsv
[0.410s] -- Up-to-date symlink: /home/charansc/ros2_ws2/install/robot_description/share/robot_description/local_setup.bash
[0.410s] -- Up-to-date symlink: /home/charansc/ros2_ws2/install/robot_description/share/robot_description/local_setup.sh
[0.411s] -- Up-to-date symlink: /home/charansc/ros2_ws2/install/robot_description/share/robot_description/local_setup.zsh
[0.411s] -- Up-to-date symlink: /home/charansc/ros2_ws2/install/robot_description/share/robot_description/local_setup.dsv
[0.411s] -- Symlinking: /home/charansc/ros2_ws2/install/robot_description/share/robot_description/package.dsv
[0.417s] -- Up-to-date symlink: /home/charansc/ros2_ws2/install/robot_description/share/ament_index/resource_index/packages/robot_description
[0.417s] -- Up-to-date symlink: /home/charansc/ros2_ws2/install/robot_description/share/robot_description/cmake/robot_descriptionConfig.cmake
[0.418s] -- Up-to-date symlink: /home/charansc/ros2_ws2/install/robot_description/share/robot_description/cmake/robot_descriptionConfig-version.cmake
[0.418s] -- Up-to-date symlink: /home/charansc/ros2_ws2/install/robot_description/share/robot_description/package.xml
[0.419s] Invoked command in '/home/charansc/ros2_ws2/build/robot_description' returned '0': CMAKE_PREFIX_PATH=${CMAKE_PREFIX_PATH}:/home/charansc/ros2_ws2/install/a_learn:/home/charansc/cognipilot/cranium/install/b3rb_ros_aim_india:/home/charansc/cognipilot/cranium/src/NXP_AIM_INDIA_2025/install/b3rb_ros_aim_india:/home/charansc/install/b3rb_ros_aim_india:/opt/ros/humble /usr/bin/cmake --install /home/charansc/ros2_ws2/build/robot_description
