[0.542s] Invoking command in '/home/charansc/ros2_ws2/src/build/two_wd_bot_description': CMAKE_PREFIX_PATH=${CMAKE_PREFIX_PATH}:/home/charansc/ros2_ws2/install/robot:/home/charansc/ros2_ws2/install/a_learn:/home/charansc/cognipilot/cranium/install/b3rb_ros_aim_india:/home/charansc/cognipilot/cranium/src/NXP_AIM_INDIA_2025/install/b3rb_ros_aim_india:/home/charansc/install/b3rb_ros_aim_india:/opt/ros/humble /usr/bin/cmake /home/charansc/ros2_ws2/src/two_wd_bot_description -DCMAKE_INSTALL_PREFIX=/home/charansc/ros2_ws2/src/install/two_wd_bot_description
[0.596s] -- The C compiler identification is GNU 11.4.0
[0.654s] -- The CXX compiler identification is GNU 11.4.0
[0.661s] -- Detecting C compiler ABI info
[0.724s] -- Detecting C compiler ABI info - done
[0.732s] -- Check for working C compiler: /usr/bin/cc - skipped
[0.733s] -- Detecting C compile features
[0.733s] -- Detecting C compile features - done
[0.736s] -- Detecting CXX compiler ABI info
[0.813s] -- Detecting CXX compiler ABI info - done
[0.822s] -- Check for working CXX compiler: /usr/bin/c++ - skipped
[0.822s] -- Detecting CXX compile features
[0.822s] -- Detecting CXX compile features - done
[0.826s] -- Found ament_cmake: 1.3.11 (/opt/ros/humble/share/ament_cmake/cmake)
[1.025s] -- Found Python3: /usr/bin/python3 (found version "3.10.12") found components: Interpreter 
[1.121s] -- Found ament_lint_auto: 0.12.12 (/opt/ros/humble/share/ament_lint_auto/cmake)
[1.191s] -- Added test 'lint_cmake' to check CMake code style
[1.191s] -- Added test 'xmllint' to check XML markup files
[1.192s] -- Configuring done
[1.194s] -- Generating done
[1.195s] -- Build files have been written to: /home/charansc/ros2_ws2/src/build/two_wd_bot_description
[1.199s] Invoked command in '/home/charansc/ros2_ws2/src/build/two_wd_bot_description' returned '0': CMAKE_PREFIX_PATH=${CMAKE_PREFIX_PATH}:/home/charansc/ros2_ws2/install/robot:/home/charansc/ros2_ws2/install/a_learn:/home/charansc/cognipilot/cranium/install/b3rb_ros_aim_india:/home/charansc/cognipilot/cranium/src/NXP_AIM_INDIA_2025/install/b3rb_ros_aim_india:/home/charansc/install/b3rb_ros_aim_india:/opt/ros/humble /usr/bin/cmake /home/charansc/ros2_ws2/src/two_wd_bot_description -DCMAKE_INSTALL_PREFIX=/home/charansc/ros2_ws2/src/install/two_wd_bot_description
[1.200s] Invoking command in '/home/charansc/ros2_ws2/src/build/two_wd_bot_description': CMAKE_PREFIX_PATH=${CMAKE_PREFIX_PATH}:/home/charansc/ros2_ws2/install/robot:/home/charansc/ros2_ws2/install/a_learn:/home/charansc/cognipilot/cranium/install/b3rb_ros_aim_india:/home/charansc/cognipilot/cranium/src/NXP_AIM_INDIA_2025/install/b3rb_ros_aim_india:/home/charansc/install/b3rb_ros_aim_india:/opt/ros/humble /usr/bin/cmake --build /home/charansc/ros2_ws2/src/build/two_wd_bot_description -- -j16 -l16
[1.238s] Invoked command in '/home/charansc/ros2_ws2/src/build/two_wd_bot_description' returned '0': CMAKE_PREFIX_PATH=${CMAKE_PREFIX_PATH}:/home/charansc/ros2_ws2/install/robot:/home/charansc/ros2_ws2/install/a_learn:/home/charansc/cognipilot/cranium/install/b3rb_ros_aim_india:/home/charansc/cognipilot/cranium/src/NXP_AIM_INDIA_2025/install/b3rb_ros_aim_india:/home/charansc/install/b3rb_ros_aim_india:/opt/ros/humble /usr/bin/cmake --build /home/charansc/ros2_ws2/src/build/two_wd_bot_description -- -j16 -l16
[1.240s] Invoking command in '/home/charansc/ros2_ws2/src/build/two_wd_bot_description': CMAKE_PREFIX_PATH=${CMAKE_PREFIX_PATH}:/home/charansc/ros2_ws2/install/robot:/home/charansc/ros2_ws2/install/a_learn:/home/charansc/cognipilot/cranium/install/b3rb_ros_aim_india:/home/charansc/cognipilot/cranium/src/NXP_AIM_INDIA_2025/install/b3rb_ros_aim_india:/home/charansc/install/b3rb_ros_aim_india:/opt/ros/humble /usr/bin/cmake --install /home/charansc/ros2_ws2/src/build/two_wd_bot_description
[1.248s] -- Install configuration: ""
[1.248s] -- Installing: /home/charansc/ros2_ws2/src/install/two_wd_bot_description/share/ament_index/resource_index/package_run_dependencies/two_wd_bot_description
[1.249s] -- Installing: /home/charansc/ros2_ws2/src/install/two_wd_bot_description/share/ament_index/resource_index/parent_prefix_path/two_wd_bot_description
[1.249s] -- Installing: /home/charansc/ros2_ws2/src/install/two_wd_bot_description/share/two_wd_bot_description/environment/ament_prefix_path.sh
[1.249s] -- Installing: /home/charansc/ros2_ws2/src/install/two_wd_bot_description/share/two_wd_bot_description/environment/ament_prefix_path.dsv
[1.249s] -- Installing: /home/charansc/ros2_ws2/src/install/two_wd_bot_description/share/two_wd_bot_description/environment/path.sh
[1.249s] -- Installing: /home/charansc/ros2_ws2/src/install/two_wd_bot_description/share/two_wd_bot_description/environment/path.dsv
[1.249s] -- Installing: /home/charansc/ros2_ws2/src/install/two_wd_bot_description/share/two_wd_bot_description/local_setup.bash
[1.249s] -- Installing: /home/charansc/ros2_ws2/src/install/two_wd_bot_description/share/two_wd_bot_description/local_setup.sh
[1.249s] -- Installing: /home/charansc/ros2_ws2/src/install/two_wd_bot_description/share/two_wd_bot_description/local_setup.zsh
[1.249s] -- Installing: /home/charansc/ros2_ws2/src/install/two_wd_bot_description/share/two_wd_bot_description/local_setup.dsv
[1.249s] -- Installing: /home/charansc/ros2_ws2/src/install/two_wd_bot_description/share/two_wd_bot_description/package.dsv
[1.250s] -- Installing: /home/charansc/ros2_ws2/src/install/two_wd_bot_description/share/ament_index/resource_index/packages/two_wd_bot_description
[1.250s] -- Installing: /home/charansc/ros2_ws2/src/install/two_wd_bot_description/share/two_wd_bot_description/cmake/two_wd_bot_descriptionConfig.cmake
[1.250s] -- Installing: /home/charansc/ros2_ws2/src/install/two_wd_bot_description/share/two_wd_bot_description/cmake/two_wd_bot_descriptionConfig-version.cmake
[1.250s] -- Installing: /home/charansc/ros2_ws2/src/install/two_wd_bot_description/share/two_wd_bot_description/package.xml
[1.251s] Invoked command in '/home/charansc/ros2_ws2/src/build/two_wd_bot_description' returned '0': CMAKE_PREFIX_PATH=${CMAKE_PREFIX_PATH}:/home/charansc/ros2_ws2/install/robot:/home/charansc/ros2_ws2/install/a_learn:/home/charansc/cognipilot/cranium/install/b3rb_ros_aim_india:/home/charansc/cognipilot/cranium/src/NXP_AIM_INDIA_2025/install/b3rb_ros_aim_india:/home/charansc/install/b3rb_ros_aim_india:/opt/ros/humble /usr/bin/cmake --install /home/charansc/ros2_ws2/src/build/two_wd_bot_description
