running egg_info
creating ../build/omni_bot/omni_bot.egg-info
writing ../build/omni_bot/omni_bot.egg-info/PKG-INFO
writing dependency_links to ../build/omni_bot/omni_bot.egg-info/dependency_links.txt
writing entry points to ../build/omni_bot/omni_bot.egg-info/entry_points.txt
writing requirements to ../build/omni_bot/omni_bot.egg-info/requires.txt
writing top-level names to ../build/omni_bot/omni_bot.egg-info/top_level.txt
writing manifest file '../build/omni_bot/omni_bot.egg-info/SOURCES.txt'
reading manifest file '../build/omni_bot/omni_bot.egg-info/SOURCES.txt'
writing manifest file '../build/omni_bot/omni_bot.egg-info/SOURCES.txt'
running build
running build_py
creating /home/charansc/ros2_ws2/src/build/omni_bot/build
creating /home/charansc/ros2_ws2/src/build/omni_bot/build/lib
creating /home/charansc/ros2_ws2/src/build/omni_bot/build/lib/omni_bot
copying omni_bot/__init__.py -> /home/charansc/ros2_ws2/src/build/omni_bot/build/lib/omni_bot
running install
running install_lib
creating /home/charansc/ros2_ws2/src/install/omni_bot/lib/python3.10/site-packages/omni_bot
copying /home/charansc/ros2_ws2/src/build/omni_bot/build/lib/omni_bot/__init__.py -> /home/charansc/ros2_ws2/src/install/omni_bot/lib/python3.10/site-packages/omni_bot
byte-compiling /home/charansc/ros2_ws2/src/install/omni_bot/lib/python3.10/site-packages/omni_bot/__init__.py to __init__.cpython-310.pyc
running install_data
creating /home/charansc/ros2_ws2/src/install/omni_bot/share/ament_index
creating /home/charansc/ros2_ws2/src/install/omni_bot/share/ament_index/resource_index
creating /home/charansc/ros2_ws2/src/install/omni_bot/share/ament_index/resource_index/packages
copying resource/omni_bot -> /home/charansc/ros2_ws2/src/install/omni_bot/share/ament_index/resource_index/packages
copying package.xml -> /home/charansc/ros2_ws2/src/install/omni_bot/share/omni_bot
running install_egg_info
Copying ../build/omni_bot/omni_bot.egg-info to /home/charansc/ros2_ws2/src/install/omni_bot/lib/python3.10/site-packages/omni_bot-0.0.0-py3.10.egg-info
running install_scripts
writing list of installed files to '/home/charansc/ros2_ws2/src/build/omni_bot/install.log'
