[0.403s] Invoking command in '/home/charansc/ros2_ws/build/learn_pkg': PYTHONPATH=/home/charansc/ros2_ws/build/learn_pkg/prefix_override:/usr/lib/python3/dist-packages/colcon_core/task/python/colcon_distutils_commands:/home/charansc/ros2_ws/install/learn_pkg/lib/python3.10/site-packages:${PYTHONPATH} /usr/bin/python3 -W ignore:setup.py install is deprecated -W ignore:easy_install command is deprecated setup.py develop --editable --build-directory /home/charansc/ros2_ws/build/learn_pkg/build --no-deps symlink_data --force
[0.569s] running develop
[0.657s] running egg_info
[0.657s] writing learn_pkg.egg-info/PKG-INFO
[0.658s] writing dependency_links to learn_pkg.egg-info/dependency_links.txt
[0.658s] writing entry points to learn_pkg.egg-info/entry_points.txt
[0.658s] writing requirements to learn_pkg.egg-info/requires.txt
[0.658s] writing top-level names to learn_pkg.egg-info/top_level.txt
[0.659s] reading manifest file 'learn_pkg.egg-info/SOURCES.txt'
[0.659s] writing manifest file 'learn_pkg.egg-info/SOURCES.txt'
[0.660s] running build_ext
[0.660s] Creating /home/charansc/ros2_ws/install/learn_pkg/lib/python3.10/site-packages/learn-pkg.egg-link (link to .)
[0.661s] Installing simple_pub_py script to /home/charansc/ros2_ws/install/learn_pkg/lib/learn_pkg
[0.661s] Installing simple_sub_py script to /home/charansc/ros2_ws/install/learn_pkg/lib/learn_pkg
[0.661s] Installing turtlesim_teleop script to /home/charansc/ros2_ws/install/learn_pkg/lib/learn_pkg
[0.661s] 
[0.661s] Installed /home/charansc/ros2_ws/build/learn_pkg
[0.661s] running symlink_data
[0.661s] symbolically linking /home/charansc/ros2_ws/build/learn_pkg/resource/learn_pkg -> /home/charansc/ros2_ws/install/learn_pkg/share/ament_index/resource_index/packages
[0.661s] symbolically linking /home/charansc/ros2_ws/build/learn_pkg/package.xml -> /home/charansc/ros2_ws/install/learn_pkg/share/learn_pkg
[0.679s] Invoked command in '/home/charansc/ros2_ws/build/learn_pkg' returned '0': PYTHONPATH=/home/charansc/ros2_ws/build/learn_pkg/prefix_override:/usr/lib/python3/dist-packages/colcon_core/task/python/colcon_distutils_commands:/home/charansc/ros2_ws/install/learn_pkg/lib/python3.10/site-packages:${PYTHONPATH} /usr/bin/python3 -W ignore:setup.py install is deprecated -W ignore:easy_install command is deprecated setup.py develop --editable --build-directory /home/charansc/ros2_ws/build/learn_pkg/build --no-deps symlink_data --force
