[0.190s] Invoking command in '/home/charansc/ros2_ws2/build/robot_description': CMAKE_PREFIX_PATH=${CMAKE_PREFIX_PATH}:/home/charansc/ros2_ws2/install/a_learn:/home/charansc/cognipilot/cranium/install/b3rb_ros_aim_india:/home/charansc/cognipilot/cranium/src/NXP_AIM_INDIA_2025/install/b3rb_ros_aim_india:/home/charansc/install/b3rb_ros_aim_india:/opt/ros/humble /usr/bin/cmake /home/charansc/ros2_ws2/src/robot_description -DCMAKE_INSTALL_PREFIX=/home/charansc/ros2_ws2/install/robot_description
[0.294s] -- The C compiler identification is GNU 11.4.0
[0.379s] -- The CXX compiler identification is GNU 11.4.0
[0.386s] -- Detecting C compiler ABI info
[0.451s] -- Detecting C compiler ABI info - done
[0.461s] -- Check for working C compiler: /usr/bin/cc - skipped
[0.461s] -- Detecting C compile features
[0.463s] -- Detecting C compile features - done
[0.466s] -- Detecting CXX compiler ABI info
[0.544s] -- Detecting CXX compiler ABI info - done
[0.549s] -- Check for working CXX compiler: /usr/bin/c++ - skipped
[0.550s] -- Detecting CXX compile features
[0.550s] -- Detecting CXX compile features - done
[0.554s] -- Found ament_cmake: 1.3.11 (/opt/ros/humble/share/ament_cmake/cmake)
[0.705s] -- Found Python3: /usr/bin/python3 (found version "3.10.12") found components: Interpreter 
[0.785s] -- Found ament_lint_auto: 0.12.12 (/opt/ros/humble/share/ament_lint_auto/cmake)
[0.849s] -- Added test 'lint_cmake' to check CMake code style
[0.850s] -- Added test 'xmllint' to check XML markup files
[0.851s] -- Configuring done
[0.852s] -- Generating done
[0.853s] -- Build files have been written to: /home/charansc/ros2_ws2/build/robot_description
[0.857s] Invoked command in '/home/charansc/ros2_ws2/build/robot_description' returned '0': CMAKE_PREFIX_PATH=${CMAKE_PREFIX_PATH}:/home/charansc/ros2_ws2/install/a_learn:/home/charansc/cognipilot/cranium/install/b3rb_ros_aim_india:/home/charansc/cognipilot/cranium/src/NXP_AIM_INDIA_2025/install/b3rb_ros_aim_india:/home/charansc/install/b3rb_ros_aim_india:/opt/ros/humble /usr/bin/cmake /home/charansc/ros2_ws2/src/robot_description -DCMAKE_INSTALL_PREFIX=/home/charansc/ros2_ws2/install/robot_description
[0.859s] Invoking command in '/home/charansc/ros2_ws2/build/robot_description': CMAKE_PREFIX_PATH=${CMAKE_PREFIX_PATH}:/home/charansc/ros2_ws2/install/a_learn:/home/charansc/cognipilot/cranium/install/b3rb_ros_aim_india:/home/charansc/cognipilot/cranium/src/NXP_AIM_INDIA_2025/install/b3rb_ros_aim_india:/home/charansc/install/b3rb_ros_aim_india:/opt/ros/humble /usr/bin/cmake --build /home/charansc/ros2_ws2/build/robot_description -- -j16 -l16
[0.892s] Invoked command in '/home/charansc/ros2_ws2/build/robot_description' returned '0': CMAKE_PREFIX_PATH=${CMAKE_PREFIX_PATH}:/home/charansc/ros2_ws2/install/a_learn:/home/charansc/cognipilot/cranium/install/b3rb_ros_aim_india:/home/charansc/cognipilot/cranium/src/NXP_AIM_INDIA_2025/install/b3rb_ros_aim_india:/home/charansc/install/b3rb_ros_aim_india:/opt/ros/humble /usr/bin/cmake --build /home/charansc/ros2_ws2/build/robot_description -- -j16 -l16
[0.894s] Invoking command in '/home/charansc/ros2_ws2/build/robot_description': CMAKE_PREFIX_PATH=${CMAKE_PREFIX_PATH}:/home/charansc/ros2_ws2/install/a_learn:/home/charansc/cognipilot/cranium/install/b3rb_ros_aim_india:/home/charansc/cognipilot/cranium/src/NXP_AIM_INDIA_2025/install/b3rb_ros_aim_india:/home/charansc/install/b3rb_ros_aim_india:/opt/ros/humble /usr/bin/cmake --install /home/charansc/ros2_ws2/build/robot_description
[0.899s] -- Install configuration: ""
[0.899s] -- Installing: /home/charansc/ros2_ws2/install/robot_description/share/robot_description/urdf
[0.899s] -- Installing: /home/charansc/ros2_ws2/install/robot_description/share/robot_description/urdf/diif_robot.xacro
[0.899s] -- Installing: /home/charansc/ros2_ws2/install/robot_description/share/robot_description/launch
[0.899s] -- Installing: /home/charansc/ros2_ws2/install/robot_description/share/robot_description/config
[0.899s] -- Installing: /home/charansc/ros2_ws2/install/robot_description/share/robot_description/config/rviz_model.rviz
[0.899s] -- Installing: /home/charansc/ros2_ws2/install/robot_description/share/ament_index/resource_index/package_run_dependencies/robot_description
[0.900s] -- Installing: /home/charansc/ros2_ws2/install/robot_description/share/ament_index/resource_index/parent_prefix_path/robot_description
[0.900s] -- Installing: /home/charansc/ros2_ws2/install/robot_description/share/robot_description/environment/ament_prefix_path.sh
[0.900s] -- Installing: /home/charansc/ros2_ws2/install/robot_description/share/robot_description/environment/ament_prefix_path.dsv
[0.900s] -- Installing: /home/charansc/ros2_ws2/install/robot_description/share/robot_description/environment/path.sh
[0.900s] -- Installing: /home/charansc/ros2_ws2/install/robot_description/share/robot_description/environment/path.dsv
[0.900s] -- Installing: /home/charansc/ros2_ws2/install/robot_description/share/robot_description/local_setup.bash
[0.900s] -- Installing: /home/charansc/ros2_ws2/install/robot_description/share/robot_description/local_setup.sh
[0.900s] -- Installing: /home/charansc/ros2_ws2/install/robot_description/share/robot_description/local_setup.zsh
[0.900s] -- Installing: /home/charansc/ros2_ws2/install/robot_description/share/robot_description/local_setup.dsv
[0.900s] -- Installing: /home/charansc/ros2_ws2/install/robot_description/share/robot_description/package.dsv
[0.900s] -- Installing: /home/charansc/ros2_ws2/install/robot_description/share/ament_index/resource_index/packages/robot_description
[0.900s] -- Installing: /home/charansc/ros2_ws2/install/robot_description/share/robot_description/cmake/robot_descriptionConfig.cmake
[0.900s] -- Installing: /home/charansc/ros2_ws2/install/robot_description/share/robot_description/cmake/robot_descriptionConfig-version.cmake
[0.901s] -- Installing: /home/charansc/ros2_ws2/install/robot_description/share/robot_description/package.xml
[0.902s] Invoked command in '/home/charansc/ros2_ws2/build/robot_description' returned '0': CMAKE_PREFIX_PATH=${CMAKE_PREFIX_PATH}:/home/charansc/ros2_ws2/install/a_learn:/home/charansc/cognipilot/cranium/install/b3rb_ros_aim_india:/home/charansc/cognipilot/cranium/src/NXP_AIM_INDIA_2025/install/b3rb_ros_aim_india:/home/charansc/install/b3rb_ros_aim_india:/opt/ros/humble /usr/bin/cmake --install /home/charansc/ros2_ws2/build/robot_description
