running develop
running egg_info
creating learn_pkg.egg-info
writing learn_pkg.egg-info/PKG-INFO
writing dependency_links to learn_pkg.egg-info/dependency_links.txt
writing entry points to learn_pkg.egg-info/entry_points.txt
writing requirements to learn_pkg.egg-info/requires.txt
writing top-level names to learn_pkg.egg-info/top_level.txt
writing manifest file 'learn_pkg.egg-info/SOURCES.txt'
reading manifest file 'learn_pkg.egg-info/SOURCES.txt'
writing manifest file 'learn_pkg.egg-info/SOURCES.txt'
running build_ext
Creating /home/charansc/ros2_ws/install/learn_pkg/lib/python3.10/site-packages/learn-pkg.egg-link (link to .)
Installing simple_pub_py script to /home/charansc/ros2_ws/install/learn_pkg/lib/learn_pkg

Installed /home/charansc/ros2_ws/build/learn_pkg
running symlink_data
creating /home/charansc/ros2_ws/install/learn_pkg/share/ament_index
creating /home/charansc/ros2_ws/install/learn_pkg/share/ament_index/resource_index
creating /home/charansc/ros2_ws/install/learn_pkg/share/ament_index/resource_index/packages
symbolically linking /home/charansc/ros2_ws/build/learn_pkg/resource/learn_pkg -> /home/charansc/ros2_ws/install/learn_pkg/share/ament_index/resource_index/packages
symbolically linking /home/charansc/ros2_ws/build/learn_pkg/package.xml -> /home/charansc/ros2_ws/install/learn_pkg/share/learn_pkg
