[0.392s] Invoking command in '/home/charansc/ros2_ws/build/learn_pkg': PYTHONPATH=/home/charansc/ros2_ws/build/learn_pkg/prefix_override:/usr/lib/python3/dist-packages/colcon_core/task/python/colcon_distutils_commands:/home/charansc/ros2_ws/install/learn_pkg/lib/python3.10/site-packages:${PYTHONPATH} /usr/bin/python3 -W ignore:setup.py install is deprecated -W ignore:easy_install command is deprecated setup.py develop --uninstall --editable --build-directory /home/charansc/ros2_ws/build/learn_pkg/build
[0.548s] running develop
[0.636s] Removing /home/charansc/ros2_ws/install/learn_pkg/lib/python3.10/site-packages/learn-pkg.egg-link (link to .)
[0.653s] Invoked command in '/home/charansc/ros2_ws/build/learn_pkg' returned '0': PYTHONPATH=/home/charansc/ros2_ws/build/learn_pkg/prefix_override:/usr/lib/python3/dist-packages/colcon_core/task/python/colcon_distutils_commands:/home/charansc/ros2_ws/install/learn_pkg/lib/python3.10/site-packages:${PYTHONPATH} /usr/bin/python3 -W ignore:setup.py install is deprecated -W ignore:easy_install command is deprecated setup.py develop --uninstall --editable --build-directory /home/charansc/ros2_ws/build/learn_pkg/build
[0.655s] Invoking command in '/home/charansc/ros2_ws/src/learn_pkg': PYTHONPATH=/home/charansc/ros2_ws/build/learn_pkg/prefix_override:/usr/lib/python3/dist-packages/colcon_core/task/python/colcon_distutils_commands:/home/charansc/ros2_ws/install/learn_pkg/lib/python3.10/site-packages:${PYTHONPATH} /usr/bin/python3 -W ignore:setup.py install is deprecated -W ignore:easy_install command is deprecated setup.py egg_info --egg-base ../../build/learn_pkg build --build-base /home/charansc/ros2_ws/build/learn_pkg/build install --record /home/charansc/ros2_ws/build/learn_pkg/install.log --single-version-externally-managed install_data --force
[0.797s] running egg_info
[0.797s] writing ../../build/learn_pkg/learn_pkg.egg-info/PKG-INFO
[0.797s] writing dependency_links to ../../build/learn_pkg/learn_pkg.egg-info/dependency_links.txt
[0.797s] writing entry points to ../../build/learn_pkg/learn_pkg.egg-info/entry_points.txt
[0.797s] writing requirements to ../../build/learn_pkg/learn_pkg.egg-info/requires.txt
[0.797s] writing top-level names to ../../build/learn_pkg/learn_pkg.egg-info/top_level.txt
[0.798s] reading manifest file '../../build/learn_pkg/learn_pkg.egg-info/SOURCES.txt'
[0.799s] writing manifest file '../../build/learn_pkg/learn_pkg.egg-info/SOURCES.txt'
[0.799s] running build
[0.799s] running build_py
[0.799s] copying learn_pkg/my_first_sub.py -> /home/charansc/ros2_ws/build/learn_pkg/build/lib/learn_pkg
[0.799s] running install
[0.799s] running install_lib
[0.800s] creating /home/charansc/ros2_ws/install/learn_pkg/lib/python3.10/site-packages/learn_pkg
[0.800s] copying /home/charansc/ros2_ws/build/learn_pkg/build/lib/learn_pkg/my_first_node.py -> /home/charansc/ros2_ws/install/learn_pkg/lib/python3.10/site-packages/learn_pkg
[0.800s] copying /home/charansc/ros2_ws/build/learn_pkg/build/lib/learn_pkg/my_first_sub.py -> /home/charansc/ros2_ws/install/learn_pkg/lib/python3.10/site-packages/learn_pkg
[0.800s] copying /home/charansc/ros2_ws/build/learn_pkg/build/lib/learn_pkg/__init__.py -> /home/charansc/ros2_ws/install/learn_pkg/lib/python3.10/site-packages/learn_pkg
[0.800s] byte-compiling /home/charansc/ros2_ws/install/learn_pkg/lib/python3.10/site-packages/learn_pkg/my_first_node.py to my_first_node.cpython-310.pyc
[0.800s] byte-compiling /home/charansc/ros2_ws/install/learn_pkg/lib/python3.10/site-packages/learn_pkg/my_first_sub.py to my_first_sub.cpython-310.pyc
[0.800s] byte-compiling /home/charansc/ros2_ws/install/learn_pkg/lib/python3.10/site-packages/learn_pkg/__init__.py to __init__.cpython-310.pyc
[0.801s] running install_data
[0.801s] copying resource/learn_pkg -> /home/charansc/ros2_ws/install/learn_pkg/share/ament_index/resource_index/packages
[0.801s] copying package.xml -> /home/charansc/ros2_ws/install/learn_pkg/share/learn_pkg
[0.801s] running install_egg_info
[0.802s] Copying ../../build/learn_pkg/learn_pkg.egg-info to /home/charansc/ros2_ws/install/learn_pkg/lib/python3.10/site-packages/learn_pkg-0.0.0-py3.10.egg-info
[0.803s] running install_scripts
[0.816s] Installing simple_pub_py script to /home/charansc/ros2_ws/install/learn_pkg/lib/learn_pkg
[0.816s] Installing simple_sub_py script to /home/charansc/ros2_ws/install/learn_pkg/lib/learn_pkg
[0.816s] writing list of installed files to '/home/charansc/ros2_ws/build/learn_pkg/install.log'
[0.834s] Invoked command in '/home/charansc/ros2_ws/src/learn_pkg' returned '0': PYTHONPATH=/home/charansc/ros2_ws/build/learn_pkg/prefix_override:/usr/lib/python3/dist-packages/colcon_core/task/python/colcon_distutils_commands:/home/charansc/ros2_ws/install/learn_pkg/lib/python3.10/site-packages:${PYTHONPATH} /usr/bin/python3 -W ignore:setup.py install is deprecated -W ignore:easy_install command is deprecated setup.py egg_info --egg-base ../../build/learn_pkg build --build-base /home/charansc/ros2_ws/build/learn_pkg/build install --record /home/charansc/ros2_ws/build/learn_pkg/install.log --single-version-externally-managed install_data --force
